2026-05-31 00:20:23.763 [INFO] [PID 18860] [v3.0.0] Script started [pwsh=5.1.26100.8457, audioOnly=False, cwd=G:\_kyle\temp_documents\GitHub\PowerShellScripts\professional-video-downloader, script=G:\_kyle\temp_documents\GitHub\PowerShellScripts\professional-video-downloader\professional-video-downloader.ps1, playlist=False]
2026-05-31 00:20:40.763 [INFO] [PID 25308] [v3.0.0] Script started [pwsh=5.1.26100.8457, audioOnly=False, cwd=G:\_kyle\temp_documents\GitHub\PowerShellScripts\professional-video-downloader, script=G:\_kyle\temp_documents\GitHub\PowerShellScripts\professional-video-downloader\professional-video-downloader.ps1, playlist=False]
2026-05-31 00:20:52.660 [INFO] [PID 25308] [v3.0.0] Download start [platform=Heavy-R, url=https://www.heavy-r.com/video/191161/First_Time_Anal_Is_The_Hardest/#_, total=13, index=1]
2026-05-31 00:20:57.573 [ERROR] [PID 25308] [v3.0.0] Per-URL exception [error=ERROR: [generic] Got HTTP Error 403 caused by Cloudflare anti-bot challenge; try again with  --extractor-args "generic:impersonate", url=https://www.heavy-r.com/video/191161/First_Time_Anal_Is_The_Hardest/#_]
2026-05-31 00:20:57.581 [ERROR] [PID 25308] [v3.0.0] Download failed [exit_code=-1, url=https://www.heavy-r.com/video/191161/First_Time_Anal_Is_The_Hardest/#_]
2026-05-31 00:20:57.626 [INFO] [PID 25308] [v3.0.0] Download start [platform=Motherless, url=https://motherless.com/56CF89E, total=13, index=2]
2026-05-31 00:21:22.328 [INFO] [PID 25308] [v3.0.0] Download success [file=C:\Users\kyle_\Downloads\Amazing_Big_Long_Nipples_Pointer_Tits [56CF89E].mp4, url=https://motherless.com/56CF89E]
2026-05-31 00:21:22.355 [INFO] [PID 25308] [v3.0.0] Download start [platform=Heavy-R, url=https://www.heavy-r.com/video/413817/Cum_In_Mouth_Lovers_Compilation/#_, total=13, index=3]
2026-05-31 00:21:27.152 [ERROR] [PID 25308] [v3.0.0] Per-URL exception [error=ERROR: [generic] Got HTTP Error 403 caused by Cloudflare anti-bot challenge; try again with  --extractor-args "generic:impersonate", url=https://www.heavy-r.com/video/413817/Cum_In_Mouth_Lovers_Compilation/#_]
2026-05-31 00:21:27.159 [ERROR] [PID 25308] [v3.0.0] Download failed [exit_code=-1, url=https://www.heavy-r.com/video/413817/Cum_In_Mouth_Lovers_Compilation/#_]
2026-05-31 00:21:27.192 [INFO] [PID 25308] [v3.0.0] Download start [platform=Pornhub, url=https://www.pornhub.com/view_video.php?viewkey=6857d232abf32, total=13, index=4]
2026-05-31 00:21:32.007 [ERROR] [PID 25308] [v3.0.0] Per-URL exception [error=ERROR: [PornHub] 6857d232abf32: Unable to download webpage: HTTP Error 410: Gone (caused by <HTTPError 410: Gone>), url=https://www.pornhub.com/view_video.php?viewkey=6857d232abf32]
2026-05-31 00:21:32.013 [ERROR] [PID 25308] [v3.0.0] Download failed [exit_code=-1, url=https://www.pornhub.com/view_video.php?viewkey=6857d232abf32]
2026-05-31 00:21:32.043 [INFO] [PID 25308] [v3.0.0] Download start [platform=XNXX, url=https://www.xnxx.com/video-154y0r1a/_not_my_ass_surprise_accidental_painful_anal, total=13, index=5]
2026-05-31 00:22:01.029 [INFO] [PID 25308] [v3.0.0] Download success [file=C:\Users\kyle_\Downloads\Not_My_Ass_Surprise_accidental_painful_anal. [154y0r1a].mp4, url=https://www.xnxx.com/video-154y0r1a/_not_my_ass_surprise_accidental_painful_anal]
2026-05-31 00:22:01.072 [INFO] [PID 25308] [v3.0.0] Download start [platform=YouPorn, url=https://www.youporn.com/watch/17067867/public-agent-lovely-young-redhead-on-tinder-date-with-butt-plug-in-her-ass-really-wants-anal-sex/, total=13, index=6]
2026-05-31 12:48:01.868 [INFO] [PID 7548] [v3.0.0] Script started [pwsh=5.1.26100.8457, audioOnly=False, cwd=G:\_kyle\temp_documents\GitHub\PowerShellScripts\professional-video-downloader, script=G:\_kyle\temp_documents\GitHub\PowerShellScripts\professional-video-downloader\professional-video-downloader.ps1, playlist=False]
2026-05-31 12:48:05.498 [INFO] [PID 7548] [v3.0.0] Download start [platform=X/Twitter, url=https://x.com/i/status/2061092836792320137, total=1, index=1]
2026-05-31 12:48:13.789 [INFO] [PID 7548] [v3.0.0] Download success [file=C:\Users\kyle_\Downloads\TaraBull_-_UCLA_College_students_struggle_with_basic_reading [2060978433912389632].fhls-audio-128000-Audio.mp4, url=https://x.com/i/status/2061092836792320137]
2026-05-31 16:10:56.295 [INFO] [PID 9296] [v3.0.0] Script started [pwsh=5.1.26100.8457, audioOnly=False, cwd=G:\_kyle\temp_documents\GitHub\PowerShellScripts\professional-video-downloader, script=G:\_kyle\temp_documents\GitHub\PowerShellScripts\professional-video-downloader\professional-video-downloader.ps1, playlist=False]
2026-05-31 16:11:08.338 [INFO] [PID 9296] [v3.0.0] Download start [platform=XNXX, url=https://www.xnxx.com/video-19rtv12e/real_outdoor_blowjob_and_ass_to_mouth_hardcore_big_dick_deep_anal_fucking_a_blonde_sexy_slut, total=4, index=1]
2026-05-31 16:11:58.042 [INFO] [PID 9296] [v3.0.0] Download success [file=C:\Users\kyle_\Downloads\Real_outdoor_blowjob_and_ass_to_mouth_hardcore_big_dick_deep_anal_fucking_a_blonde_sexy_slut [19rtv12e].mp4, url=https://www.xnxx.com/video-19rtv12e/real_outdoor_blowjob_and_ass_to_mouth_hardcore_big_dick_deep_anal_fucking_a_blonde_sexy_slut]
2026-05-31 16:11:58.079 [INFO] [PID 9296] [v3.0.0] Download start [platform=XVideos, url=https://www.xvideos.com/video.idbbuuma125/letsdoeit_-_valentina_bianco_has_rough_anal_sex_in_public, total=4, index=2]
2026-05-31 16:12:44.484 [INFO] [PID 9296] [v3.0.0] Download success [file=C:\Users\kyle_\Downloads\LETSDOEIT_-_Valentina_Bianco_Has_Rough_Anal_Sex_In_Public [idbbuuma125].mp4, url=https://www.xvideos.com/video.idbbuuma125/letsdoeit_-_valentina_bianco_has_rough_anal_sex_in_public]
2026-05-31 16:12:44.508 [INFO] [PID 9296] [v3.0.0] Download start [platform=Pornhub, url=https://www.pornhub.com/view_video.php?viewkey=6479c390e04b6, total=4, index=3]
2026-05-31 16:12:48.142 [ERROR] [PID 9296] [v3.0.0] Per-URL exception [error=ERROR: [PornHub] 6479c390e04b6: Unable to download webpage: HTTP Error 410: Gone (caused by <HTTPError 410: Gone>), url=https://www.pornhub.com/view_video.php?viewkey=6479c390e04b6]
2026-05-31 16:12:48.150 [ERROR] [PID 9296] [v3.0.0] Download failed [exit_code=-1, url=https://www.pornhub.com/view_video.php?viewkey=6479c390e04b6]
2026-05-31 16:12:48.173 [INFO] [PID 9296] [v3.0.0] Download start [platform=Generic / Unknown, url=https://xhamster.com/videos/hardcore-anal-big-cock-2512641, total=4, index=4]
2026-05-31 16:13:04.464 [INFO] [PID 9296] [v3.0.0] Download success [file=C:\Users\kyle_\Downloads\Hardcore_anal_big_cock [2512641].mp4, url=https://xhamster.com/videos/hardcore-anal-big-cock-2512641]
2026-05-31 16:13:04.535 [INFO] [PID 9296] [v3.0.0] Run finished [failed=1, succeeded=3, total=4]
2026-05-31 21:11:24.572 [INFO] [PID 30272] [v3.0.0] Script started [pwsh=5.1.26100.8457, audioOnly=False, cwd=G:\_kyle\temp_documents\GitHub\PowerShellScripts\professional-video-downloader, script=G:\_kyle\temp_documents\GitHub\PowerShellScripts\professional-video-downloader\professional-video-downloader.ps1, playlist=False]
2026-05-31 21:11:46.361 [INFO] [PID 30272] [v3.0.0] Download start [platform=YouTube, url=https://www.youtube.com/watch?v=s0ZZHNRHA2g&list=RDQM1yiEciWuQHg&index=4, total=35, index=1]
2026-05-31 21:11:57.166 [INFO] [PID 30272] [v3.0.0] Download success [file=C:\Users\kyle_\Downloads\Take_It_Easy_2008_Remaster [s0ZZHNRHA2g].f251.webm, url=https://www.youtube.com/watch?v=s0ZZHNRHA2g&list=RDQM1yiEciWuQHg&index=4]
2026-05-31 21:11:57.193 [INFO] [PID 30272] [v3.0.0] Download start [platform=YouTube, url=https://www.youtube.com/watch?v=MxQXKO194XM&list=RDQM1yiEciWuQHg&index, total=35, index=2]
2026-05-31 21:12:21.509 [INFO] [PID 30272] [v3.0.0] Download success [file=C:\Users\kyle_\Downloads\Eagles_-_Take_It_To_The_Limit_Live_1977_Official_Video_4K [MxQXKO194XM].f251.webm, url=https://www.youtube.com/watch?v=MxQXKO194XM&list=RDQM1yiEciWuQHg&index]
2026-05-31 21:12:21.528 [INFO] [PID 30272] [v3.0.0] Download start [platform=YouTube, url=https://www.youtube.com/watch?v=skC2GToR1uY&list=RDQM1yiEciWuQHg&index=24, total=35, index=3]
2026-05-31 21:12:29.241 [INFO] [PID 30272] [v3.0.0] Download success [file=C:\Users\kyle_\Downloads\The_Long_Run_2013_Remaster [skC2GToR1uY].f251.webm, url=https://www.youtube.com/watch?v=skC2GToR1uY&list=RDQM1yiEciWuQHg&index=24]
2026-05-31 21:12:29.265 [INFO] [PID 30272] [v3.0.0] Download start [platform=YouTube, url=https://www.youtube.com/watch?v=1k8craCGpgs&list=RDQM1yiEciWuQHg&index=45, total=35, index=4]
2026-05-31 21:12:37.479 [INFO] [PID 30272] [v3.0.0] Download success [file=C:\Users\kyle_\Downloads\Journey_-_Don_t_Stop_Believin_Official_Audio [1k8craCGpgs].f251.webm, url=https://www.youtube.com/watch?v=1k8craCGpgs&list=RDQM1yiEciWuQHg&index=45]
2026-05-31 21:12:37.506 [INFO] [PID 30272] [v3.0.0] Download start [platform=YouTube, url=https://www.youtube.com/watch?v=W1LsRShUPtY&list=RDQM1yiEciWuQHg&index=27, total=35, index=5]
2026-05-31 21:12:45.859 [INFO] [PID 30272] [v3.0.0] Download success [file=C:\Users\kyle_\Downloads\Old_Time_Rock_Roll [W1LsRShUPtY].f251.webm, url=https://www.youtube.com/watch?v=W1LsRShUPtY&list=RDQM1yiEciWuQHg&index=27]
2026-05-31 21:12:45.885 [INFO] [PID 30272] [v3.0.0] Download start [platform=YouTube, url=https://www.youtube.com/watch?v=xH7cSSKnkL4&list=RDQM1yiEciWuQHg&index=27, total=35, index=6]
2026-05-31 21:12:54.871 [INFO] [PID 30272] [v3.0.0] Download success [file=C:\Users\kyle_\Downloads\Bob_Seger_The_Silver_Bullet_Band_-_Night_Moves_Official_Video [xH7cSSKnkL4].f251.webm, url=https://www.youtube.com/watch?v=xH7cSSKnkL4&list=RDQM1yiEciWuQHg&index=27]
2026-05-31 21:12:54.896 [INFO] [PID 30272] [v3.0.0] Download start [platform=YouTube, url=https://www.youtube.com/watch?v=fgSAoWmqccI, total=35, index=7]
2026-05-31 21:13:08.925 [INFO] [PID 30272] [v3.0.0] Download success [file=C:\Users\kyle_\Downloads\KAROL_G_LA_VIDA_ES_UNA_from_PUSS_IN_BOOTS_-_THE_LAST_WISH_Official_Lyric_Video [fgSAoWmqccI].f251.webm, url=https://www.youtube.com/watch?v=fgSAoWmqccI]
2026-05-31 21:13:08.946 [INFO] [PID 30272] [v3.0.0] Download start [platform=YouTube, url=https://www.youtube.com/watch?v=aENX1Sf3fgQ, total=35, index=8]
2026-05-31 21:13:29.668 [INFO] [PID 30272] [v3.0.0] Download success [file=C:\Users\kyle_\Downloads\The_Police_-_Every_Little_Thing_She_Does_Is_Magic_Official_Music_Video [aENX1Sf3fgQ].f251.webm, url=https://www.youtube.com/watch?v=aENX1Sf3fgQ]
2026-05-31 21:13:29.689 [INFO] [PID 30272] [v3.0.0] Download start [platform=YouTube, url=https://www.youtube.com/watch?v=qeMFqkcPYcg, total=35, index=9]
2026-05-31 21:13:38.393 [INFO] [PID 30272] [v3.0.0] Download success [file=C:\Users\kyle_\Downloads\Eurythmics_Annie_Lennox_Dave_Stewart_-_Sweet_Dreams_Are_Made_Of_This_Official_Video [qeMFqkcPYcg].f251.webm, url=https://www.youtube.com/watch?v=qeMFqkcPYcg]
2026-05-31 21:13:38.414 [INFO] [PID 30272] [v3.0.0] Download start [platform=YouTube, url=https://www.youtube.com/watch?v=8xg3vE8Ie_E, total=35, index=10]
2026-05-31 21:13:47.499 [INFO] [PID 30272] [v3.0.0] Download success [file=C:\Users\kyle_\Downloads\Taylor_Swift_-_Love_Story [8xg3vE8Ie_E].f251.webm, url=https://www.youtube.com/watch?v=8xg3vE8Ie_E]
2026-05-31 21:13:47.518 [INFO] [PID 30272] [v3.0.0] Download start [platform=YouTube, url=https://www.youtube.com/watch?v=tT4d1LQy4es, total=35, index=11]
2026-05-31 21:13:56.682 [INFO] [PID 30272] [v3.0.0] Download success [file=C:\Users\kyle_\Downloads\Alannah_Myles_-_Black_Velvet [tT4d1LQy4es].f251.webm, url=https://www.youtube.com/watch?v=tT4d1LQy4es]
2026-05-31 21:13:56.703 [INFO] [PID 30272] [v3.0.0] Download start [platform=YouTube, url=https://www.youtube.com/watch?v=tNDWJ_KDkAc, total=35, index=12]
2026-05-31 21:14:04.330 [INFO] [PID 30272] [v3.0.0] Download success [file=C:\Users\kyle_\Downloads\Pearl_Jam_-_Last_Kiss_Official_Audio [tNDWJ_KDkAc].f251.webm, url=https://www.youtube.com/watch?v=tNDWJ_KDkAc]
2026-05-31 21:14:04.355 [INFO] [PID 30272] [v3.0.0] Download start [platform=YouTube, url=https://www.youtube.com/watch?v=iZV7akaSo0s&list=RDGMEMJQXQAmqrnmK1SEjY_rKBGA&index=18, total=35, index=13]
2026-05-31 21:14:16.127 [INFO] [PID 30272] [v3.0.0] Download success [file=C:\Users\kyle_\Downloads\Eric_Clapton_-_Layla_Unplugged [iZV7akaSo0s].f251.webm, url=https://www.youtube.com/watch?v=iZV7akaSo0s&list=RDGMEMJQXQAmqrnmK1SEjY_rKBGA&index=18]
2026-05-31 21:14:16.152 [INFO] [PID 30272] [v3.0.0] Download start [platform=YouTube, url=https://www.youtube.com/watch?v=eFjjO_lhf9c&list=RDGMEMJQXQAmqrnmK1SEjY_rKBGA&index=14, total=35, index=14]
2026-05-31 21:14:19.981 [ERROR] [PID 30272] [v3.0.0] Per-URL exception [error=ERROR: [youtube] eFjjO_lhf9c: Video unavailable, url=https://www.youtube.com/watch?v=eFjjO_lhf9c&list=RDGMEMJQXQAmqrnmK1SEjY_rKBGA&index=14]
2026-05-31 21:14:19.987 [ERROR] [PID 30272] [v3.0.0] Download failed [exit_code=-1, url=https://www.youtube.com/watch?v=eFjjO_lhf9c&list=RDGMEMJQXQAmqrnmK1SEjY_rKBGA&index=14]
2026-05-31 21:14:20.009 [INFO] [PID 30272] [v3.0.0] Download start [platform=YouTube, url=https://www.youtube.com/watch?v=UrDsaKdT2S8, total=35, index=15]
2026-05-31 21:14:29.210 [INFO] [PID 30272] [v3.0.0] Download success [file=C:\Users\kyle_\Downloads\Joey_Remastered_2010 [UrDsaKdT2S8].f251.webm, url=https://www.youtube.com/watch?v=UrDsaKdT2S8]
2026-05-31 21:14:29.231 [INFO] [PID 30272] [v3.0.0] Download start [platform=YouTube, url=https://www.youtube.com/watch?v=G_zuB-ogIBw, total=35, index=16]
2026-05-31 21:14:38.086 [INFO] [PID 30272] [v3.0.0] Download success [file=C:\Users\kyle_\Downloads\Walker_Hayes_-_Fancy_Like [G_zuB-ogIBw].f251.webm, url=https://www.youtube.com/watch?v=G_zuB-ogIBw]
2026-05-31 21:14:38.111 [INFO] [PID 30272] [v3.0.0] Download start [platform=YouTube, url=https://www.youtube.com/watch?v=GR3Liudev18, total=35, index=17]
2026-05-31 21:14:48.384 [INFO] [PID 30272] [v3.0.0] Download success [file=C:\Users\kyle_\Downloads\Chappell_Roan_-_Pink_Pony_Club_Official_Music_Video [GR3Liudev18].f251.webm, url=https://www.youtube.com/watch?v=GR3Liudev18]
2026-05-31 21:14:48.406 [INFO] [PID 30272] [v3.0.0] Download start [platform=YouTube, url=https://www.youtube.com/watch?v=zhl-Cs1-sG4, total=35, index=18]
2026-05-31 21:14:59.057 [INFO] [PID 30272] [v3.0.0] Download success [file=C:\Users\kyle_\Downloads\Daft_Punk_-_Giorgio_by_Moroder_Official_Audio [zhl-Cs1-sG4].f251.webm, url=https://www.youtube.com/watch?v=zhl-Cs1-sG4]
2026-05-31 21:14:59.077 [INFO] [PID 30272] [v3.0.0] Download start [platform=YouTube, url=https://www.youtube.com/watch?v=8lD5bfqzr6E, total=35, index=19]
2026-05-31 21:15:08.449 [INFO] [PID 30272] [v3.0.0] Download success [file=C:\Users\kyle_\Downloads\Ozzy_Osbourne_-_Crazy_Train_Live [8lD5bfqzr6E].f251.webm, url=https://www.youtube.com/watch?v=8lD5bfqzr6E]
2026-05-31 21:15:08.474 [INFO] [PID 30272] [v3.0.0] Download start [platform=YouTube, url=https://www.youtube.com/watch?v=n_GFN3a0yj0", total=35, index=20]
2026-05-31 21:15:21.070 [INFO] [PID 30272] [v3.0.0] Download success [file=C:\Users\kyle_\Downloads\AC_DC_-_Thunderstruck_Live_At_River_Plate_December_2009 [n_GFN3a0yj0].f251.webm, url=https://www.youtube.com/watch?v=n_GFN3a0yj0"]
2026-05-31 21:15:21.089 [INFO] [PID 30272] [v3.0.0] Download start [platform=YouTube, url=https://www.youtube.com/watch?v=LQ7R9zHeDy8, total=35, index=21]
2026-05-31 21:15:39.451 [INFO] [PID 30272] [v3.0.0] Download success [file=C:\Users\kyle_\Downloads\R3HAB_x_A_Touch_Of_Class_-_All_Around_The_World_La_La_La_Official_Video [LQ7R9zHeDy8].f251.webm, url=https://www.youtube.com/watch?v=LQ7R9zHeDy8]
2026-05-31 21:15:39.474 [INFO] [PID 30272] [v3.0.0] Download start [platform=YouTube, url=https://www.youtube.com/watch?v=b8I-7Wk_Vbc&list=RDVjUN5wKpPNE&index=2, total=35, index=22]
2026-05-31 21:15:49.991 [INFO] [PID 30272] [v3.0.0] Download success [file=C:\Users\kyle_\Downloads\Enrique_Iglesias_-_Bailando_ft._Sean_Paul_Descemer_Bueno_Gente_De_Zona [b8I-7Wk_Vbc].f251.webm, url=https://www.youtube.com/watch?v=b8I-7Wk_Vbc&list=RDVjUN5wKpPNE&index=2]
2026-05-31 21:15:50.011 [INFO] [PID 30272] [v3.0.0] Download start [platform=YouTube, url=https://www.youtube.com/watch?v=kJQP7kiw5Fk&list=RDVjUN5wKpPNE&index=3, total=35, index=23]
2026-05-31 21:16:02.504 [INFO] [PID 30272] [v3.0.0] Download success [file=C:\Users\kyle_\Downloads\Luis_Fonsi_-_Despacito_ft._Daddy_Yankee [kJQP7kiw5Fk].f251.webm, url=https://www.youtube.com/watch?v=kJQP7kiw5Fk&list=RDVjUN5wKpPNE&index=3]
2026-05-31 21:16:02.530 [INFO] [PID 30272] [v3.0.0] Download start [platform=YouTube, url=https://www.youtube.com/watch?v=djV11Xbc914&list=RDyRYFKcMa_Ek&start_radio=1, total=35, index=24]
2026-05-31 21:16:27.659 [INFO] [PID 30272] [v3.0.0] Download success [file=C:\Users\kyle_\Downloads\a-ha_-_Take_On_Me_Official_Video_4K [djV11Xbc914].f251.webm, url=https://www.youtube.com/watch?v=djV11Xbc914&list=RDyRYFKcMa_Ek&start_radio=1]
2026-05-31 21:16:27.680 [INFO] [PID 30272] [v3.0.0] Download start [platform=YouTube, url=https://www.youtube.com/watch?v=yRYFKcMa_Ek, total=35, index=25]
2026-05-31 21:16:36.930 [INFO] [PID 30272] [v3.0.0] Download success [file=C:\Users\kyle_\Downloads\Daryl_Hall_John_Oates_-_Maneater_Official_Video [yRYFKcMa_Ek].f251.webm, url=https://www.youtube.com/watch?v=yRYFKcMa_Ek]
2026-05-31 21:16:36.953 [INFO] [PID 30272] [v3.0.0] Download start [platform=YouTube, url=https://www.youtube.com/watch?v=yJf3ZShNtX4", total=35, index=26]
2026-05-31 21:16:45.685 [INFO] [PID 30272] [v3.0.0] Download success [file=C:\Users\kyle_\Downloads\Madness_-_Our_House_Official_Audio [yJf3ZShNtX4].f251.webm, url=https://www.youtube.com/watch?v=yJf3ZShNtX4"]
2026-05-31 21:16:45.707 [INFO] [PID 30272] [v3.0.0] Download start [platform=YouTube, url=https://www.youtube.com/watch?v=nZXRV4MezEw, total=35, index=27]
2026-05-31 21:17:09.187 [INFO] [PID 30272] [v3.0.0] Download success [file=C:\Users\kyle_\Downloads\Cher_-_Believe_Official_Music_Video_4K_Remaster [nZXRV4MezEw].f251.webm, url=https://www.youtube.com/watch?v=nZXRV4MezEw]
2026-05-31 21:17:09.212 [INFO] [PID 30272] [v3.0.0] Download start [platform=YouTube, url=https://www.youtube.com/watch?v=t7bQwwqW-Hc, total=35, index=28]
2026-05-31 21:17:22.690 [INFO] [PID 30272] [v3.0.0] Download success [file=C:\Users\kyle_\Downloads\Shaboozey_-_A_Bar_Song_Tipsy_Official_Visualizer [t7bQwwqW-Hc].f251.webm, url=https://www.youtube.com/watch?v=t7bQwwqW-Hc]
2026-05-31 21:17:22.710 [INFO] [PID 30272] [v3.0.0] Download start [platform=YouTube, url=https://www.youtube.com/watch?v=HcNILY4gtNI, total=35, index=29]
2026-05-31 21:17:34.040 [INFO] [PID 30272] [v3.0.0] Download success [file=C:\Users\kyle_\Downloads\Jelly_Roll_-_Liar_Official_Music_Video [HcNILY4gtNI].f251.webm, url=https://www.youtube.com/watch?v=HcNILY4gtNI]
2026-05-31 21:17:34.062 [INFO] [PID 30272] [v3.0.0] Download start [platform=YouTube, url=https://www.youtube.com/watch?v=SWFBRHTdUuM&list=RDSWFBRHTdUuM&start_radio=1, total=35, index=30]
2026-05-31 21:19:30.988 [INFO] [PID 30272] [v3.0.0] Download success [file=C:\Users\kyle_\Downloads\Mix_Bachata_Romeo_Santo_Aventura_y_Prince_Royce_La_carretera_eres_mia_infieles [SWFBRHTdUuM].f251.webm, url=https://www.youtube.com/watch?v=SWFBRHTdUuM&list=RDSWFBRHTdUuM&start_radio=1]
2026-05-31 21:19:31.011 [INFO] [PID 30272] [v3.0.0] Download start [platform=YouTube, url=https://www.youtube.com/watch?v=ONF2VQpm_Ks&list=RDONF2VQpm_Ks&start_radio=, total=35, index=31]
2026-05-31 21:19:41.397 [INFO] [PID 30272] [v3.0.0] Download success [file=C:\Users\kyle_\Downloads\Nate_Smith_-_Fix_What_You_Didn_t_Break_Official_Audio [ONF2VQpm_Ks].f251.webm, url=https://www.youtube.com/watch?v=ONF2VQpm_Ks&list=RDONF2VQpm_Ks&start_radio=]
2026-05-31 21:19:41.432 [INFO] [PID 30272] [v3.0.0] Download start [platform=YouTube, url=https://www.youtube.com/watch?v=SA7AIQw-7Ms&list=RDSA7AIQw-7Ms&start_radio=1, total=35, index=32]
2026-05-31 21:19:50.573 [INFO] [PID 30272] [v3.0.0] Download success [file=C:\Users\kyle_\Downloads\G-Eazy_Halsey_-_Him_I_Official_Video [SA7AIQw-7Ms].f251.webm, url=https://www.youtube.com/watch?v=SA7AIQw-7Ms&list=RDSA7AIQw-7Ms&start_radio=1]
2026-05-31 21:19:50.594 [INFO] [PID 30272] [v3.0.0] Download start [platform=YouTube, url=https://www.youtube.com/watch?v=iwAuBbKJtLA&list=PLfGibfZATlGoB6EIRGWmRQ6s5w2VAjJcK&index=3, total=35, index=33]
2026-05-31 21:19:58.575 [INFO] [PID 30272] [v3.0.0] Download success [file=C:\Users\kyle_\Downloads\Eric_Clapton_~_Wonderful_Tonight_~_Slowhand_Official_Remaster_HQ_Audio [iwAuBbKJtLA].f251.webm, url=https://www.youtube.com/watch?v=iwAuBbKJtLA&list=PLfGibfZATlGoB6EIRGWmRQ6s5w2VAjJcK&index=3]
2026-05-31 21:19:58.595 [INFO] [PID 30272] [v3.0.0] Download start [platform=YouTube, url=https://www.youtube.com/watch?v=Bx51eegLTY8&list=RDBx51eegLTY8&start_radio=1, total=35, index=34]
2026-05-31 21:20:06.739 [INFO] [PID 30272] [v3.0.0] Download success [file=C:\Users\kyle_\Downloads\Berlin_-_Take_My_Breath_Away_Official_Video_-_Top_Gun [Bx51eegLTY8].f251.webm, url=https://www.youtube.com/watch?v=Bx51eegLTY8&list=RDBx51eegLTY8&start_radio=1]
2026-05-31 21:20:06.761 [INFO] [PID 30272] [v3.0.0] Download start [platform=YouTube, url=https://www.youtube.com/watch?v=iwAuBbKJtLA&list=PLfGibfZATlGoB6EIRGWmRQ6s5w2VAjJcK&index=2, total=35, index=35]
2026-05-31 21:20:13.663 [INFO] [PID 30272] [v3.0.0] Download success [file=, url=https://www.youtube.com/watch?v=iwAuBbKJtLA&list=PLfGibfZATlGoB6EIRGWmRQ6s5w2VAjJcK&index=2]
2026-05-31 21:20:13.784 [INFO] [PID 30272] [v3.0.0] Run finished [failed=1, succeeded=34, total=35]
