2026-06-06 10:41:38.225 [INFO] [PID 23580] [v3.0.0] Script started [pwsh=5.1.26100.8457, audioOnly=False, cwd=G:\_kyle\temp_documents\GitHub\PowerShellScripts\professional-video-downloader, script=G:\_kyle\temp_documents\GitHub\PowerShellScripts\professional-video-downloader\professional-video-downloader.ps1, playlist=False]
2026-06-06 11:00:09.659 [INFO] [PID 29176] [v3.0.0] Script started [pwsh=5.1.26100.8457, audioOnly=False, cwd=G:\_kyle\temp_documents\GitHub\PowerShellScripts\professional-video-downloader, script=G:\_kyle\temp_documents\GitHub\PowerShellScripts\professional-video-downloader\professional-video-downloader.ps1, playlist=False]
2026-06-06 11:00:15.154 [INFO] [PID 29176] [v3.0.0] Download start [platform=X/Twitter, url=https://twitter.com/i/status/2062622206539248127, total=1, index=1]
2026-06-06 11:00:33.190 [INFO] [PID 29176] [v3.0.0] Download success [file=C:\Users\kyle_\Downloads\Muckraker_-_Henry_Nowak_was_stabbed_5_times_then_handcuffed_and_left_to_die_beca... [2062621877529612288].fhls-audio-128000-Audio.mp4, url=https://twitter.com/i/status/2062622206539248127]
2026-06-06 11:33:17.401 [INFO] [PID 25440] [v3.0.0] Script started [pwsh=5.1.26100.8457, audioOnly=False, cwd=G:\_kyle\temp_documents\GitHub\PowerShellScripts\professional-video-downloader, script=G:\_kyle\temp_documents\GitHub\PowerShellScripts\professional-video-downloader\professional-video-downloader.ps1, playlist=False]
2026-06-06 11:33:49.982 [INFO] [PID 23580] [v3.0.0] Download start [platform=Facebook/Meta, url=https://www.facebook.com/reel/839890708802833, total=1, index=1]
2026-06-06 11:33:55.805 [INFO] [PID 23580] [v3.0.0] Download success [file=C:\Users\kyle_\Downloads\218K_views_2.6K_reactions_I_can_send_you_the_whole_list_of_courses_btw_just_comment_the_word_training_ai_startup_founder_BleuSquare_Creative [839890708802833].f1638003413970443a.m4a, url=https://www.facebook.com/reel/839890708802833]
2026-06-06 17:12:26.681 [INFO] [PID 32500] [v3.0.0] Script started [pwsh=5.1.26100.8457, audioOnly=False, cwd=G:\_kyle\temp_documents\GitHub\PowerShellScripts\professional-video-downloader, script=G:\_kyle\temp_documents\GitHub\PowerShellScripts\professional-video-downloader\professional-video-downloader.ps1, playlist=False]
2026-06-06 17:35:11.399 [INFO] [PID 32500] [v3.0.0] Download start [platform=YouTube, url=https://www.youtube.com/watch?v=uSD4vsh1zDA&list=PLY7Ijam_q5Xw2mLCvCmmhDn_RVxaKXT7E, total=26, index=1]
2026-06-06 17:36:02.994 [INFO] [PID 32500] [v3.0.0] Download success [file=C:\Users\kyle_\Downloads\The_Black_Eyed_Peas_-_I_Gotta_Feeling_Official_Music_Video [uSD4vsh1zDA].f251.webm, url=https://www.youtube.com/watch?v=uSD4vsh1zDA&list=PLY7Ijam_q5Xw2mLCvCmmhDn_RVxaKXT7E]
2026-06-06 17:36:03.025 [INFO] [PID 32500] [v3.0.0] Download start [platform=YouTube, url=https://www.youtube.com/watch?v=me3CPl_i4C4&list=PLY7Ijam_q5Xx_x3M-IsBysYOsEXOZ916I, total=26, index=2]
2026-06-06 17:36:13.157 [INFO] [PID 32500] [v3.0.0] Download success [file=C:\Users\kyle_\Downloads\Luniz_-_I_Got_5_On_It [me3CPl_i4C4].f251.webm, url=https://www.youtube.com/watch?v=me3CPl_i4C4&list=PLY7Ijam_q5Xx_x3M-IsBysYOsEXOZ916I]
2026-06-06 17:36:13.181 [INFO] [PID 32500] [v3.0.0] Download start [platform=YouTube, url=https://www.youtube.com/watch?v=VGUSz5MbcqE&list=PLY7Ijam_q5Xx_x3M-IsBysYOsEXOZ916I&index=9, total=26, index=3]
2026-06-06 17:36:24.954 [INFO] [PID 32500] [v3.0.0] Download success [file=C:\Users\kyle_\Downloads\Green_Day_-_Holiday_Live [VGUSz5MbcqE].f251.webm, url=https://www.youtube.com/watch?v=VGUSz5MbcqE&list=PLY7Ijam_q5Xx_x3M-IsBysYOsEXOZ916I&index=9]
2026-06-06 17:36:24.979 [INFO] [PID 32500] [v3.0.0] Download start [platform=YouTube, url=https://www.youtube.com/watch?v=-g7UR-C3E4g&list=PLY7Ijam_q5Xx_x3M-IsBysYOsEXOZ916I&index=10, total=26, index=4]
2026-06-06 17:36:36.876 [INFO] [PID 32500] [v3.0.0] Download success [file=C:\Users\kyle_\Downloads\Runaround_Sue_G-Eazy_ft._Greg_Banks [-g7UR-C3E4g].f251.webm, url=https://www.youtube.com/watch?v=-g7UR-C3E4g&list=PLY7Ijam_q5Xx_x3M-IsBysYOsEXOZ916I&index=10]
2026-06-06 17:36:36.898 [INFO] [PID 32500] [v3.0.0] Download start [platform=YouTube, url=https://www.youtube.com/watch?v=1k8craCGpgs&list=PLY7Ijam_q5Xw7DrkS7DWgqoeFMgfmhqX4, total=26, index=5]
2026-06-06 17:36:45.937 [INFO] [PID 32500] [v3.0.0] Download success [file=C:\Users\kyle_\Downloads\Journey_-_Don_t_Stop_Believin_Official_Audio [1k8craCGpgs].f251.webm, url=https://www.youtube.com/watch?v=1k8craCGpgs&list=PLY7Ijam_q5Xw7DrkS7DWgqoeFMgfmhqX4]
2026-06-06 17:36:45.959 [INFO] [PID 32500] [v3.0.0] Download start [platform=YouTube, url=https://www.youtube.com/watch?v=Lo2qQmj0_h4&list=PLY7Ijam_q5Xw7DrkS7DWgqoeFMgfmhqX4&index=2, total=26, index=6]
2026-06-06 17:37:10.909 [INFO] [PID 32500] [v3.0.0] Download success [file=C:\Users\kyle_\Downloads\AC_DC_-_You_Shook_Me_All_Night_Long_Official_4K_Video [Lo2qQmj0_h4].f251.webm, url=https://www.youtube.com/watch?v=Lo2qQmj0_h4&list=PLY7Ijam_q5Xw7DrkS7DWgqoeFMgfmhqX4&index=2]
2026-06-06 17:37:10.938 [INFO] [PID 32500] [v3.0.0] Download start [platform=YouTube, url=https://www.youtube.com/watch?v=NF-kLy44Hls&list=PLY7Ijam_q5Xw7DrkS7DWgqoeFMgfmhqX4&index=9, total=26, index=7]
2026-06-06 17:37:24.161 [INFO] [PID 32500] [v3.0.0] Download success [file=C:\Users\kyle_\Downloads\Daft_Punk_-_Lose_Yourself_to_Dance_Official_Version [NF-kLy44Hls].f251.webm, url=https://www.youtube.com/watch?v=NF-kLy44Hls&list=PLY7Ijam_q5Xw7DrkS7DWgqoeFMgfmhqX4&index=9]
2026-06-06 17:37:24.181 [INFO] [PID 32500] [v3.0.0] Download start [platform=YouTube, url=https://www.youtube.com/watch?v=0wQb3s2kSlg&list=PLY7Ijam_q5XxTdrozaaaElgw5xEdOCT5F, total=26, index=8]
2026-06-06 17:37:33.490 [INFO] [PID 32500] [v3.0.0] Download success [file=C:\Users\kyle_\Downloads\Maren_Morris_-_Great_Ones_Official_Audio [0wQb3s2kSlg].f251.webm, url=https://www.youtube.com/watch?v=0wQb3s2kSlg&list=PLY7Ijam_q5XxTdrozaaaElgw5xEdOCT5F]
2026-06-06 17:37:33.514 [INFO] [PID 32500] [v3.0.0] Download start [platform=YouTube, url=https://www.youtube.com/watch?v=6P6VxLcJTDk&list=RD6P6VxLcJTDk&start_radio=1, total=26, index=9]
2026-06-06 17:37:44.969 [INFO] [PID 32500] [v3.0.0] Download success [file=C:\Users\kyle_\Downloads\Chris_Lane_-_Big_Big_Plans [6P6VxLcJTDk].f251.webm, url=https://www.youtube.com/watch?v=6P6VxLcJTDk&list=RD6P6VxLcJTDk&start_radio=1]
2026-06-06 17:37:45.005 [INFO] [PID 32500] [v3.0.0] Download start [platform=YouTube, url=https://www.youtube.com/watch?v=Bx51eegLTY8&list=RDBx51eegLTY8&start_radio=1, total=26, index=10]
2026-06-06 17:37:55.170 [INFO] [PID 32500] [v3.0.0] Download success [file=C:\Users\kyle_\Downloads\Berlin_-_Take_My_Breath_Away_Official_Video_-_Top_Gun [Bx51eegLTY8].f251.webm, url=https://www.youtube.com/watch?v=Bx51eegLTY8&list=RDBx51eegLTY8&start_radio=1]
2026-06-06 17:37:55.203 [INFO] [PID 32500] [v3.0.0] Download start [platform=YouTube, url=https://www.youtube.com/watch?v=lcOxhH8N3Bo&list=RDlcOxhH8N3Bo&start_radio=1, total=26, index=11]
2026-06-06 17:38:17.926 [INFO] [PID 32500] [v3.0.0] Download success [file=C:\Users\kyle_\Downloads\Bonnie_Tyler_-_Total_Eclipse_of_the_Heart_Turn_Around_Official_Video [lcOxhH8N3Bo].f251.webm, url=https://www.youtube.com/watch?v=lcOxhH8N3Bo&list=RDlcOxhH8N3Bo&start_radio=1]
2026-06-06 17:38:17.952 [INFO] [PID 32500] [v3.0.0] Download start [platform=YouTube, url=https://www.youtube.com/watch?v=VdQY7BusJNU&list=PLY7Ijam_q5Xw7DrkS7DWgqoeFMgfmhqX4&index=11, total=26, index=12]
2026-06-06 17:38:29.746 [INFO] [PID 32500] [v3.0.0] Download success [file=C:\Users\kyle_\Downloads\Cyndi_Lauper_-_Time_After_Time_Official_HD_Video [VdQY7BusJNU].f251.webm, url=https://www.youtube.com/watch?v=VdQY7BusJNU&list=PLY7Ijam_q5Xw7DrkS7DWgqoeFMgfmhqX4&index=11]
2026-06-06 17:38:29.778 [INFO] [PID 32500] [v3.0.0] Download start [platform=YouTube, url=https://www.youtube.com/watch?v=npYAW4jNOXQ&list=PLY7Ijam_q5Xw7DrkS7DWgqoeFMgfmhqX4&index=26, total=26, index=13]
2026-06-06 17:38:42.972 [INFO] [PID 32500] [v3.0.0] Download success [file=C:\Users\kyle_\Downloads\Underneath_Your_Clothes_-_Shakira_Lyrics [npYAW4jNOXQ].f251.webm, url=https://www.youtube.com/watch?v=npYAW4jNOXQ&list=PLY7Ijam_q5Xw7DrkS7DWgqoeFMgfmhqX4&index=26]
2026-06-06 17:38:42.994 [INFO] [PID 32500] [v3.0.0] Download start [platform=YouTube, url=https://www.youtube.com/watch?v=g_9rnnkRX0g&list=PLY7Ijam_q5Xw7DrkS7DWgqoeFMgfmhqX4&index=31, total=26, index=14]
2026-06-06 17:38:52.324 [INFO] [PID 32500] [v3.0.0] Download success [file=C:\Users\kyle_\Downloads\Hurts_So_Good [g_9rnnkRX0g].f251.webm, url=https://www.youtube.com/watch?v=g_9rnnkRX0g&list=PLY7Ijam_q5Xw7DrkS7DWgqoeFMgfmhqX4&index=31]
2026-06-06 17:38:52.357 [INFO] [PID 32500] [v3.0.0] Download start [platform=YouTube, url=https://www.youtube.com/watch?v=w6Q3mHyzn78&list=PLY7Ijam_q5Xw7DrkS7DWgqoeFMgfmhqX4&index=33, total=26, index=15]
2026-06-06 17:39:05.969 [INFO] [PID 32500] [v3.0.0] Download success [file=C:\Users\kyle_\Downloads\Tiffany_-_I_Think_We_re_Alone_Now_Official_Music_Video [w6Q3mHyzn78].f251.webm, url=https://www.youtube.com/watch?v=w6Q3mHyzn78&list=PLY7Ijam_q5Xw7DrkS7DWgqoeFMgfmhqX4&index=33]
2026-06-06 17:39:05.992 [INFO] [PID 32500] [v3.0.0] Download start [platform=YouTube, url=https://www.youtube.com/watch?v=yEG2VTHS9yg&list=PLY7Ijam_q5XyWcLF0eFqAnbn43i_ll1jB, total=26, index=16]
2026-06-06 17:39:18.702 [INFO] [PID 32500] [v3.0.0] Download success [file=C:\Users\kyle_\Downloads\A_AP_Rocky_-_L_D_LOVE_x_EX_x_DREAMS [yEG2VTHS9yg].f251.webm, url=https://www.youtube.com/watch?v=yEG2VTHS9yg&list=PLY7Ijam_q5XyWcLF0eFqAnbn43i_ll1jB]
2026-06-06 17:39:18.732 [INFO] [PID 32500] [v3.0.0] Download start [platform=YouTube, url=https://www.youtube.com/watch?v=F93ywiGMDnQ&list=PLY7Ijam_q5XyWcLF0eFqAnbn43i_ll1jB&index=7, total=26, index=17]
2026-06-06 17:39:30.455 [INFO] [PID 32500] [v3.0.0] Download success [file=C:\Users\kyle_\Downloads\INXS_-_Need_You_Tonight_Official_Music_Video [F93ywiGMDnQ].f251.webm, url=https://www.youtube.com/watch?v=F93ywiGMDnQ&list=PLY7Ijam_q5XyWcLF0eFqAnbn43i_ll1jB&index=7]
2026-06-06 17:39:30.478 [INFO] [PID 32500] [v3.0.0] Download start [platform=YouTube, url=https://www.youtube.com/watch?v=UxxajLWwzqY&list=PLY7Ijam_q5XyWcLF0eFqAnbn43i_ll1jB&index=25, total=26, index=18]
2026-06-06 17:39:40.630 [INFO] [PID 32500] [v3.0.0] Download success [file=C:\Users\kyle_\Downloads\Icona_Pop_-_I_Love_It_feat._Charli_XCX_OFFICIAL_VIDEO [UxxajLWwzqY].f251.webm, url=https://www.youtube.com/watch?v=UxxajLWwzqY&list=PLY7Ijam_q5XyWcLF0eFqAnbn43i_ll1jB&index=25]
2026-06-06 17:39:40.652 [INFO] [PID 32500] [v3.0.0] Download start [platform=YouTube, url=https://www.youtube.com/watch?v=pbuylG69SSU&list=PLY7Ijam_q5XyWcLF0eFqAnbn43i_ll1jB&index=22, total=26, index=19]
2026-06-06 17:39:54.638 [INFO] [PID 32500] [v3.0.0] Download success [file=C:\Users\kyle_\Downloads\Discotron_Original_Mix [pbuylG69SSU].f251.webm, url=https://www.youtube.com/watch?v=pbuylG69SSU&list=PLY7Ijam_q5XyWcLF0eFqAnbn43i_ll1jB&index=22]
2026-06-06 17:39:54.670 [INFO] [PID 32500] [v3.0.0] Download start [platform=YouTube, url=https://www.youtube.com/watch?v=EhXvN2HNTIw&list=PLY7Ijam_q5XyWcLF0eFqAnbn43i_ll1jB&index=20, total=26, index=20]
2026-06-06 17:40:08.288 [INFO] [PID 32500] [v3.0.0] Download success [file=C:\Users\kyle_\Downloads\Tiesto_The_Chainsmokers_-_Split_Only_U_OUT_NOW [EhXvN2HNTIw].f251.webm, url=https://www.youtube.com/watch?v=EhXvN2HNTIw&list=PLY7Ijam_q5XyWcLF0eFqAnbn43i_ll1jB&index=20]
2026-06-06 17:40:08.314 [INFO] [PID 32500] [v3.0.0] Download start [platform=YouTube, url=https://www.youtube.com/watch?v=VYwMmDkRCEo&list=PLY7Ijam_q5XyWcLF0eFqAnbn43i_ll1jB&index=24, total=26, index=21]
2026-06-06 17:40:18.384 [INFO] [PID 32500] [v3.0.0] Download success [file=C:\Users\kyle_\Downloads\Eat_Sleep_Rave_Repeat_feat._Beardyman_Calvin_Harris_Remix [VYwMmDkRCEo].f251.webm, url=https://www.youtube.com/watch?v=VYwMmDkRCEo&list=PLY7Ijam_q5XyWcLF0eFqAnbn43i_ll1jB&index=24]
2026-06-06 17:40:18.423 [INFO] [PID 32500] [v3.0.0] Download start [platform=YouTube, url=https://www.youtube.com/watch?v=1e51W--w2Fk&list=PLY7Ijam_q5XyWcLF0eFqAnbn43i_ll1jB&index=27, total=26, index=22]
2026-06-06 17:40:30.800 [INFO] [PID 32500] [v3.0.0] Download success [file=C:\Users\kyle_\Downloads\LCD_Soundsystem_-_Tribulations [1e51W--w2Fk].f251.webm, url=https://www.youtube.com/watch?v=1e51W--w2Fk&list=PLY7Ijam_q5XyWcLF0eFqAnbn43i_ll1jB&index=27]
2026-06-06 17:40:30.825 [INFO] [PID 32500] [v3.0.0] Download start [platform=YouTube, url=https://www.youtube.com/watch?v=LL-gyhZVvx0&list=PLY7Ijam_q5XyWcLF0eFqAnbn43i_ll1jB&index=29, total=26, index=23]
2026-06-06 17:40:42.026 [INFO] [PID 32500] [v3.0.0] Download success [file=C:\Users\kyle_\Downloads\Daft_Punk_-_Doin_it_Right_Official_Audio_ft._Panda_Bear [LL-gyhZVvx0].f251.webm, url=https://www.youtube.com/watch?v=LL-gyhZVvx0&list=PLY7Ijam_q5XyWcLF0eFqAnbn43i_ll1jB&index=29]
2026-06-06 17:40:42.051 [INFO] [PID 32500] [v3.0.0] Download start [platform=YouTube, url=https://www.youtube.com/watch?v=0fllyJTBsRU&list=PLY7Ijam_q5XyWcLF0eFqAnbn43i_ll1jB&index=30, total=26, index=24]
2026-06-06 17:40:51.643 [INFO] [PID 32500] [v3.0.0] Download success [file=C:\Users\kyle_\Downloads\Daft_Punk_-_Around_the_World_Harder_Better_Faster_Stronger_Live_2007_-_Official_Audio [0fllyJTBsRU].f251.webm, url=https://www.youtube.com/watch?v=0fllyJTBsRU&list=PLY7Ijam_q5XyWcLF0eFqAnbn43i_ll1jB&index=30]
2026-06-06 17:40:51.668 [INFO] [PID 32500] [v3.0.0] Download start [platform=YouTube, url=https://www.youtube.com/watch?v=bpOR_HuHRNs&list=PLY7Ijam_q5XyWcLF0eFqAnbn43i_ll1jB&index=26, total=26, index=25]
2026-06-06 17:41:03.597 [INFO] [PID 32500] [v3.0.0] Download success [file=C:\Users\kyle_\Downloads\Flo_Rida_-_Wild_Ones_feat_Sia_Official_Video [bpOR_HuHRNs].f251.webm, url=https://www.youtube.com/watch?v=bpOR_HuHRNs&list=PLY7Ijam_q5XyWcLF0eFqAnbn43i_ll1jB&index=26]
2026-06-06 17:41:03.620 [INFO] [PID 32500] [v3.0.0] Download start [platform=YouTube, url=https://www.youtube.com/watch?v=LuN6gs0AJls&list=PLY7Ijam_q5XxTgNNo_4jVt72UDUv98GKF&index=4, total=26, index=26]
2026-06-06 17:41:13.122 [INFO] [PID 32500] [v3.0.0] Download success [file=C:\Users\kyle_\Downloads\Modern_English_-_I_Melt_With_You_Official_Video [LuN6gs0AJls].f251.webm, url=https://www.youtube.com/watch?v=LuN6gs0AJls&list=PLY7Ijam_q5XxTgNNo_4jVt72UDUv98GKF&index=4]
2026-06-06 17:41:13.238 [INFO] [PID 32500] [v3.0.0] Run finished [failed=0, succeeded=26, total=26]
2026-06-06 18:01:02.691 [INFO] [PID 21788] [v3.0.0] Script started [pwsh=5.1.26100.8457, audioOnly=False, cwd=G:\_kyle\temp_documents\GitHub\PowerShellScripts\professional-video-downloader, script=G:\_kyle\temp_documents\GitHub\PowerShellScripts\professional-video-downloader\professional-video-downloader.ps1, playlist=False]
2026-06-06 18:01:18.135 [INFO] [PID 7028] [v3.0.0] Script started [pwsh=5.1.26100.8457, audioOnly=False, cwd=G:\_kyle\temp_documents\GitHub\PowerShellScripts\professional-video-downloader, script=G:\_kyle\temp_documents\GitHub\PowerShellScripts\professional-video-downloader\professional-video-downloader.ps1, playlist=False]
2026-06-06 18:01:25.946 [INFO] [PID 7028] [v3.0.0] Download start [platform=YouTube, url=https://www.youtube.com/watch?v=1k8craCGpgs&list=PLY7Ijam_q5XxTgNNo_4jVt72UDUv98GKF&index=10, total=4, index=1]
2026-06-06 18:01:34.369 [INFO] [PID 7028] [v3.0.0] Download success [file=, url=https://www.youtube.com/watch?v=1k8craCGpgs&list=PLY7Ijam_q5XxTgNNo_4jVt72UDUv98GKF&index=10]
2026-06-06 18:01:34.402 [INFO] [PID 7028] [v3.0.0] Download start [platform=YouTube, url=https://www.youtube.com/watch?v=6NXnxTNIWkc&list=PLY7Ijam_q5XxTgNNo_4jVt72UDUv98GKF&index=11, total=4, index=2]
2026-06-06 18:02:02.174 [INFO] [PID 7028] [v3.0.0] Download success [file=C:\Users\kyle_\Downloads\4_Non_Blondes_-_What_s_Up_Official_Music_Video [6NXnxTNIWkc].f251.webm, url=https://www.youtube.com/watch?v=6NXnxTNIWkc&list=PLY7Ijam_q5XxTgNNo_4jVt72UDUv98GKF&index=11]
2026-06-06 18:02:02.204 [INFO] [PID 7028] [v3.0.0] Download start [platform=YouTube, url=https://www.youtube.com/watch?v=H6nrmFdlXc0&list=PLY7Ijam_q5XxTgNNo_4jVt72UDUv98GKF&index=23, total=4, index=3]
2026-06-06 18:02:09.564 [INFO] [PID 7028] [v3.0.0] Download success [file=C:\Users\kyle_\Downloads\Shadrach [H6nrmFdlXc0].f251.webm, url=https://www.youtube.com/watch?v=H6nrmFdlXc0&list=PLY7Ijam_q5XxTgNNo_4jVt72UDUv98GKF&index=23]
2026-06-06 18:02:09.595 [INFO] [PID 7028] [v3.0.0] Download start [platform=YouTube, url=https://www.youtube.com/watch?v=ru3gH27Fn6E&list=RDru3gH27Fn6E&start_radio=1, total=4, index=4]
2026-06-06 18:02:19.203 [INFO] [PID 7028] [v3.0.0] Download success [file=C:\Users\kyle_\Downloads\Beastie_Boys_-_So_What_Cha_Want [ru3gH27Fn6E].f251.webm, url=https://www.youtube.com/watch?v=ru3gH27Fn6E&list=RDru3gH27Fn6E&start_radio=1]
2026-06-06 18:02:19.261 [INFO] [PID 7028] [v3.0.0] Run finished [failed=0, succeeded=4, total=4]
2026-06-06 20:24:42.647 [INFO] [PID 27140] [v3.0.0] Script started [pwsh=5.1.26100.8457, audioOnly=False, cwd=G:\_kyle\temp_documents\GitHub\PowerShellScripts\professional-video-downloader, script=G:\_kyle\temp_documents\GitHub\PowerShellScripts\professional-video-downloader\professional-video-downloader.ps1, playlist=False]
2026-06-06 20:24:46.677 [INFO] [PID 27140] [v3.0.0] Download start [platform=X/Twitter, url=https://x.com/JustJenRX/status/2063315121263309151/video/1, total=1, index=1]
2026-06-06 20:25:08.759 [INFO] [PID 27140] [v3.0.0] Download success [file=C:\Users\kyle_\Downloads\Just_Jen_-_THIS_COMMENTARY_OF_A_PHILLY_STREET_FIGHT_JUST_MADE_ME_PEE_MY_PANTS_LA... [2063052526941863936].fhls-audio-128000-Audio.mp4, url=https://x.com/JustJenRX/status/2063315121263309151/video/1]
2026-06-06 20:31:51.196 [INFO] [PID 22484] [v3.0.0] Script started [pwsh=5.1.26100.8457, audioOnly=False, cwd=G:\_kyle\temp_documents\GitHub\PowerShellScripts\professional-video-downloader, script=G:\_kyle\temp_documents\GitHub\PowerShellScripts\professional-video-downloader\professional-video-downloader.ps1, playlist=False]
2026-06-06 20:31:55.318 [INFO] [PID 22484] [v3.0.0] Download start [platform=X/Twitter, url=https://x.com/Cat5SMASHICANE/status/2063373756181971011/video/1, total=1, index=1]
2026-06-06 20:32:02.460 [INFO] [PID 22484] [v3.0.0] Download success [file=C:\Users\kyle_\Downloads\Johnny_B._Good_-_There_s_not_much_to_say_about_this_other_than_HOLY_SHIT_that_s_cool.... [2063242235290824704].fhls-audio-64000-Audio.mp4, url=https://x.com/Cat5SMASHICANE/status/2063373756181971011/video/1]
