2026-06-07 10:05:52.767 [INFO] [PID 11904] [v3.0.0] Script started [pwsh=5.1.26100.8457, audioOnly=False, cwd=G:\_kyle\temp_documents\GitHub\PowerShellScripts\professional-video-downloader, script=G:\_kyle\temp_documents\GitHub\PowerShellScripts\professional-video-downloader\professional-video-downloader.ps1, playlist=False]
2026-06-07 10:38:46.741 [INFO] [PID 11904] [v3.0.0] Download start [platform=YouTube, url=https://www.youtube.com/watch?v=XmKJOdRf_3s&list=RDXmKJOdRf_3s&start_radio=1, total=5, index=1]
2026-06-07 10:38:56.616 [INFO] [PID 11904] [v3.0.0] Download success [file=C:\Users\kyle_\Downloads\Fatboy_Slim_-_Fucking_In_Heaven_Official_Audio [XmKJOdRf_3s].f251.webm, url=https://www.youtube.com/watch?v=XmKJOdRf_3s&list=RDXmKJOdRf_3s&start_radio=1]
2026-06-07 10:38:56.653 [INFO] [PID 11904] [v3.0.0] Download start [platform=YouTube, url=https://www.youtube.com/watch?v=ub747pprmJ8&list=RDXmKJOdRf_3s&index=4, total=5, index=2]
2026-06-07 10:39:14.221 [INFO] [PID 11904] [v3.0.0] Download success [file=C:\Users\kyle_\Downloads\Fatboy_Slim_-_Right_Here_Right_Now_Official_4K_Video [ub747pprmJ8].f251.webm, url=https://www.youtube.com/watch?v=ub747pprmJ8&list=RDXmKJOdRf_3s&index=4]
2026-06-07 10:39:14.244 [INFO] [PID 11904] [v3.0.0] Download start [platform=YouTube, url=https://www.youtube.com/watch?v=ruAi4VBoBSM&list=RDXmKJOdRf_3s&index=24, total=5, index=3]
2026-06-07 10:39:22.323 [INFO] [PID 11904] [v3.0.0] Download success [file=C:\Users\kyle_\Downloads\Fatboy_Slim_-_Praise_You_Official_Video [ruAi4VBoBSM].f251.webm, url=https://www.youtube.com/watch?v=ruAi4VBoBSM&list=RDXmKJOdRf_3s&index=24]
2026-06-07 10:39:22.367 [INFO] [PID 11904] [v3.0.0] Download start [platform=YouTube, url=https://www.youtube.com/watch?v=ru3gH27Fn6E&list=RDXmKJOdRf_3s&index=27, total=5, index=4]
2026-06-07 10:39:34.846 [INFO] [PID 11904] [v3.0.0] Download success [file=C:\Users\kyle_\Downloads\Beastie_Boys_-_So_What_Cha_Want [ru3gH27Fn6E].f251.webm, url=https://www.youtube.com/watch?v=ru3gH27Fn6E&list=RDXmKJOdRf_3s&index=27]
2026-06-07 10:39:34.879 [INFO] [PID 11904] [v3.0.0] Download start [platform=YouTube, url=https://www.youtube.com/watch?v=5LBnMRWeV-E&list=RDXmKJOdRf_3s&index=49, total=5, index=5]
2026-06-07 10:39:47.659 [INFO] [PID 11904] [v3.0.0] Download success [file=C:\Users\kyle_\Downloads\Cornershop_-_Brimful_Of_Asha_Norman_Cook_Mix_Tjinder_Singh_Official_Music_Video [5LBnMRWeV-E].f251.webm, url=https://www.youtube.com/watch?v=5LBnMRWeV-E&list=RDXmKJOdRf_3s&index=49]
2026-06-07 10:39:47.754 [INFO] [PID 11904] [v3.0.0] Run finished [failed=0, succeeded=5, total=5]
2026-06-07 12:35:24.162 [INFO] [PID 21560] [v3.0.0] Script started [pwsh=5.1.26100.8457, audioOnly=False, cwd=G:\_kyle\temp_documents\GitHub\PowerShellScripts\professional-video-downloader, script=G:\_kyle\temp_documents\GitHub\PowerShellScripts\professional-video-downloader\professional-video-downloader.ps1, playlist=False]
2026-06-07 12:35:26.802 [INFO] [PID 21560] [v3.0.0] Download start [platform=X/Twitter, url=https://x.com/BGatesIsaPyscho/status/2063575359119856115/video/1, total=1, index=1]
2026-06-07 12:36:06.212 [INFO] [PID 21560] [v3.0.0] Download success [file=C:\Users\kyle_\Downloads\Concerned_Citizen_-_There_is_a_building_material_that_does_not_burn_that_does_not_rot_... [2063574431767605248].fhls-audio-128000-Audio.mp4, url=https://x.com/BGatesIsaPyscho/status/2063575359119856115/video/1]
2026-06-07 15:42:34.254 [INFO] [PID 3780] [v3.0.0] Script started [pwsh=5.1.26100.8457, audioOnly=False, cwd=G:\_kyle\temp_documents\GitHub\PowerShellScripts\professional-video-downloader, script=G:\_kyle\temp_documents\GitHub\PowerShellScripts\professional-video-downloader\professional-video-downloader.ps1, playlist=False]
2026-06-07 15:42:39.747 [INFO] [PID 3780] [v3.0.0] Download start [platform=Substack, url=https://clifhigh.substack.com/p/deflation-and-the-obvious-way-out?publication_id=681568&post_id=201036101&r=17hzm3&triedRedirect=true&utm_source=substack&utm_medium=email, total=1, index=1]
2026-06-07 15:42:52.130 [INFO] [PID 3780] [v3.0.0] Download success [file=C:\Users\kyle_\Downloads\deflation_and_the_obvious_way_out-_reload_audio_fix [201036101].mp3, url=https://clifhigh.substack.com/p/deflation-and-the-obvious-way-out?publication_id=681568&post_id=201036101&r=17hzm3&triedRedirect=true&utm_source=substack&utm_medium=email]
2026-06-07 19:14:38.265 [INFO] [PID 18552] [v3.0.0] Script started [pwsh=5.1.26100.8457, audioOnly=False, cwd=G:\_kyle\temp_documents\GitHub\PowerShellScripts\professional-video-downloader, script=G:\_kyle\temp_documents\GitHub\PowerShellScripts\professional-video-downloader\professional-video-downloader.ps1, playlist=False]
2026-06-07 19:14:56.097 [INFO] [PID 18552] [v3.0.0] Download start [platform=Facebook/Meta, url=https://www.facebook.com/reel/1334656728515997, total=3, index=1]
2026-06-07 19:15:01.411 [ERROR] [PID 18552] [v3.0.0] Per-URL exception [error=ERROR: [Errno 2] No such file or directory: 'C:\\Users\\kyle_\\Downloads\\896K_views_12K_reactions_The_Lake_Mead_Crisis_Is_Becoming_Impossible_to_Ignore_Hoover_Dam_crisis_Lake_Mead_water_levels_Southwest_drought_America_water_shortage_climate_emergency_HooverDam_LakeMead_WaterCrisis_ClimateNews_CrisisRadar_Global_Disaster_Watch [1334656728515997].jpg', url=https://www.facebook.com/reel/1334656728515997]
2026-06-07 19:15:01.417 [ERROR] [PID 18552] [v3.0.0] Download failed [exit_code=-1, url=https://www.facebook.com/reel/1334656728515997]
2026-06-07 19:15:01.448 [INFO] [PID 18552] [v3.0.0] Download start [platform=Facebook/Meta, url=https://www.facebook.com/reel/1902841010418577, total=3, index=2]
2026-06-07 19:15:06.282 [ERROR] [PID 18552] [v3.0.0] Per-URL exception [error=ERROR: [Errno 2] No such file or directory: 'C:\\Users\\kyle_\\Downloads\\253K_views_4K_reactions_The_2_Billion_Crack_Beneath_New_York..._Engineers_Are_Panicking_NYC_tunnel_underground_mystery_engineering_disaster_New_York_secrets_billion_dollar_crack_NYC_Engineering_Underground_MegaProjects_HiddenTruths_Global_Disaster_Watch [1902841010418577].jpg', url=https://www.facebook.com/reel/1902841010418577]
2026-06-07 19:15:06.287 [ERROR] [PID 18552] [v3.0.0] Download failed [exit_code=-1, url=https://www.facebook.com/reel/1902841010418577]
2026-06-07 19:15:06.310 [INFO] [PID 18552] [v3.0.0] Download start [platform=Facebook/Meta, url=https://www.facebook.com/reel/2208838769941956, total=3, index=3]
2026-06-07 19:15:11.023 [ERROR] [PID 18552] [v3.0.0] Per-URL exception [error=ERROR: [Errno 2] No such file or directory: 'C:\\Users\\kyle_\\Downloads\\66K_views_1.7K_reactions_America_s_Biggest_River_Is_Collapsing_And_Nobody_s_Ready_MississippiRiver_WaterCrisis_ClimateEmergency_RiverCollapse_USDisaster_mississippi_river_crisis_water_shortage_usa_river_drying_up_america_drought_climate_disaster_news_Global_Disaster_Watch [2208838769941956].jpg', url=https://www.facebook.com/reel/2208838769941956]
2026-06-07 19:15:11.028 [ERROR] [PID 18552] [v3.0.0] Download failed [exit_code=-1, url=https://www.facebook.com/reel/2208838769941956]
2026-06-07 19:16:02.729 [INFO] [PID 7020] [v3.0.0] Script started [pwsh=5.1.26100.8457, audioOnly=False, cwd=G:\_kyle\temp_documents\GitHub\PowerShellScripts\professional-video-downloader, script=G:\_kyle\temp_documents\GitHub\PowerShellScripts\professional-video-downloader\professional-video-downloader.ps1, playlist=False]
2026-06-07 19:16:23.971 [INFO] [PID 15268] [v3.0.0] Script started [pwsh=5.1.26100.8457, audioOnly=False, cwd=G:\_kyle\temp_documents\GitHub\PowerShellScripts\professional-video-downloader, script=G:\_kyle\temp_documents\GitHub\PowerShellScripts\professional-video-downloader\professional-video-downloader.ps1, playlist=False]
2026-06-07 19:16:26.336 [INFO] [PID 15268] [v3.0.0] Download start [platform=Facebook/Meta, url=https://www.facebook.com/reel/1902841010418577, total=1, index=1]
2026-06-07 19:16:31.231 [ERROR] [PID 15268] [v3.0.0] Per-URL exception [error=ERROR: [Errno 2] No such file or directory: 'C:\\Users\\kyle_\\Downloads\\253K_views_4K_reactions_The_2_Billion_Crack_Beneath_New_York..._Engineers_Are_Panicking_NYC_tunnel_underground_mystery_engineering_disaster_New_York_secrets_billion_dollar_crack_NYC_Engineering_Underground_MegaProjects_HiddenTruths_Global_Disaster_Watch [1902841010418577].jpg', url=https://www.facebook.com/reel/1902841010418577]
2026-06-07 19:16:31.237 [ERROR] [PID 15268] [v3.0.0] Download failed [exit_code=-1, url=https://www.facebook.com/reel/1902841010418577]
2026-06-07 19:27:40.758 [INFO] [PID 8184] [v3.0.0] Script started [pwsh=5.1.26100.8457, audioOnly=False, cwd=G:\_kyle\temp_documents\GitHub\PowerShellScripts\professional-video-downloader, script=G:\_kyle\temp_documents\GitHub\PowerShellScripts\professional-video-downloader\professional-video-downloader.ps1, playlist=False]
2026-06-07 19:27:44.104 [INFO] [PID 8184] [v3.0.0] Download start [platform=Facebook/Meta, url=https://www.facebook.com/watch/?v=984209177844825, total=1, index=1]
2026-06-07 19:27:49.168 [ERROR] [PID 8184] [v3.0.0] Per-URL exception [error=ERROR: [Errno 2] No such file or directory: 'C:\\Users\\kyle_\\Downloads\\53K_views_780_reactions_What_would_happen_if_data_centers_suddenly_disappeared_State_Rep._John_McQueeney_explains_how_many_everyday_activities_depend_on_data_centers_and_why_demand_for_them_continues_to_grow._City_of_Granbury [984209177844825].jpg', url=https://www.facebook.com/watch/?v=984209177844825]
2026-06-07 19:27:49.173 [ERROR] [PID 8184] [v3.0.0] Download failed [exit_code=-1, url=https://www.facebook.com/watch/?v=984209177844825]
