2026-06-11 10:03:01.509 [INFO] [PID 11320] [v3.0.0] Script started [pwsh=5.1.26100.8655, audioOnly=False, cwd=G:\_kyle\temp_documents\GitHub\PowerShellScripts\professional-video-downloader, script=G:\_kyle\temp_documents\GitHub\PowerShellScripts\professional-video-downloader\professional-video-downloader.ps1, playlist=False]
2026-06-11 10:03:04.278 [INFO] [PID 11320] [v3.0.0] Download start [platform=YouTube, url=https://www.youtube.com/watch?v=z5rRZdiu1UE&list=RDz5rRZdiu1UE&start_radio=1, total=1, index=1]
2026-06-11 10:03:15.053 [INFO] [PID 11320] [v3.0.0] Download success [file=C:\Users\kyle_\Downloads\Beastie_Boys_-_Sabotage_Official_Music_Video [z5rRZdiu1UE].f251.webm, url=https://www.youtube.com/watch?v=z5rRZdiu1UE&list=RDz5rRZdiu1UE&start_radio=1]
2026-06-11 10:07:55.726 [INFO] [PID 18448] [v3.0.0] Script started [pwsh=5.1.26100.8655, audioOnly=False, cwd=G:\_kyle\temp_documents\GitHub\PowerShellScripts\professional-video-downloader, script=G:\_kyle\temp_documents\GitHub\PowerShellScripts\professional-video-downloader\professional-video-downloader.ps1, playlist=False]
2026-06-11 10:08:49.425 [INFO] [PID 18448] [v3.0.0] Download start [platform=YouTube, url=https://www.youtube.com/watch?v=w8KQmps-Sog&list=RDw8KQmps-Sog&start_radio=1, total=2, index=1]
2026-06-11 10:08:58.695 [INFO] [PID 18448] [v3.0.0] Download success [file=C:\Users\kyle_\Downloads\Muse_-_Uprising_Official_Video [w8KQmps-Sog].f251.webm, url=https://www.youtube.com/watch?v=w8KQmps-Sog&list=RDw8KQmps-Sog&start_radio=1]
2026-06-11 10:08:58.723 [INFO] [PID 18448] [v3.0.0] Download start [platform=YouTube, url=https://www.youtube.com/watch?v=JukTvlrh-Wk&list=RDJukTvlrh-Wk&start_radio=1, total=2, index=2]
2026-06-11 10:09:07.038 [INFO] [PID 18448] [v3.0.0] Download success [file=C:\Users\kyle_\Downloads\Rage_Against_The_Machine_-_Know_Your_Enemy_Official_Audio [JukTvlrh-Wk].f251.webm, url=https://www.youtube.com/watch?v=JukTvlrh-Wk&list=RDJukTvlrh-Wk&start_radio=1]
2026-06-11 10:09:07.163 [INFO] [PID 18448] [v3.0.0] Run finished [failed=0, succeeded=2, total=2]
2026-06-11 10:09:42.948 [INFO] [PID 10616] [v3.0.0] Script started [pwsh=5.1.26100.8655, audioOnly=False, cwd=G:\_kyle\temp_documents\GitHub\PowerShellScripts\professional-video-downloader, script=G:\_kyle\temp_documents\GitHub\PowerShellScripts\professional-video-downloader\professional-video-downloader.ps1, playlist=False]
2026-06-11 10:24:17.625 [INFO] [PID 19648] [v3.0.0] Script started [pwsh=5.1.26100.8655, audioOnly=False, cwd=G:\_kyle\temp_documents\GitHub\PowerShellScripts\professional-video-downloader, script=G:\_kyle\temp_documents\GitHub\PowerShellScripts\professional-video-downloader\professional-video-downloader.ps1, playlist=False]
2026-06-11 10:31:05.886 [INFO] [PID 19648] [v3.0.0] Download start [platform=YouTube, url=https://www.youtube.com/watch?v=3y44BJgkdZs&list=PLY7Ijam_q5XzzAgfwjgKGUBq2LiC99FbN&index=1, total=31, index=1]
2026-06-11 10:31:22.443 [INFO] [PID 19648] [v3.0.0] Download success [file=C:\Users\kyle_\Downloads\Wouldn_t_It_Be_Nice_Mono [3y44BJgkdZs].f251.webm, url=https://www.youtube.com/watch?v=3y44BJgkdZs&list=PLY7Ijam_q5XzzAgfwjgKGUBq2LiC99FbN&index=1]
2026-06-11 10:31:22.476 [INFO] [PID 19648] [v3.0.0] Download start [platform=YouTube, url=https://www.youtube.com/watch?v=CWPo5SC3zik&list=PLY7Ijam_q5XzzAgfwjgKGUBq2LiC99FbN&index=3, total=31, index=2]
2026-06-11 10:31:33.299 [INFO] [PID 19648] [v3.0.0] Download success [file=C:\Users\kyle_\Downloads\God_Only_Knows_Mono [CWPo5SC3zik].f251.webm, url=https://www.youtube.com/watch?v=CWPo5SC3zik&list=PLY7Ijam_q5XzzAgfwjgKGUBq2LiC99FbN&index=3]
2026-06-11 10:31:33.335 [INFO] [PID 19648] [v3.0.0] Download start [platform=YouTube, url=https://www.youtube.com/watch?v=3y44BJgkdZs&list=PLY7Ijam_q5XzzAgfwjgKGUBq2LiC99FbN&index=5, total=31, index=3]
2026-06-11 10:31:42.906 [INFO] [PID 19648] [v3.0.0] Download success [file=, url=https://www.youtube.com/watch?v=3y44BJgkdZs&list=PLY7Ijam_q5XzzAgfwjgKGUBq2LiC99FbN&index=5]
2026-06-11 10:31:42.941 [INFO] [PID 19648] [v3.0.0] Download start [platform=YouTube, url=https://www.youtube.com/watch?v=8de_EbOd22M&list=PLY7Ijam_q5XzzAgfwjgKGUBq2LiC99FbN&index=6, total=31, index=4]
2026-06-11 10:31:54.162 [INFO] [PID 19648] [v3.0.0] Download success [file=C:\Users\kyle_\Downloads\Good_Vibrations_Stereo [8de_EbOd22M].f251.webm, url=https://www.youtube.com/watch?v=8de_EbOd22M&list=PLY7Ijam_q5XzzAgfwjgKGUBq2LiC99FbN&index=6]
2026-06-11 10:31:54.196 [INFO] [PID 19648] [v3.0.0] Download start [platform=YouTube, url=https://www.youtube.com/watch?v=8JEiJDGHsX0&list=PLY7Ijam_q5XzzAgfwjgKGUBq2LiC99FbN&index=7, total=31, index=5]
2026-06-11 10:32:06.989 [INFO] [PID 19648] [v3.0.0] Download success [file=C:\Users\kyle_\Downloads\The_Beach_Boys_-_Surfin_U.S.A._Remastered [8JEiJDGHsX0].f251.webm, url=https://www.youtube.com/watch?v=8JEiJDGHsX0&list=PLY7Ijam_q5XzzAgfwjgKGUBq2LiC99FbN&index=7]
2026-06-11 10:32:07.025 [INFO] [PID 19648] [v3.0.0] Download start [platform=YouTube, url=https://www.youtube.com/watch?v=RZRme62DaXE&list=PLY7Ijam_q5XzzAgfwjgKGUBq2LiC99FbN&index=8, total=31, index=6]
2026-06-11 10:32:18.784 [INFO] [PID 19648] [v3.0.0] Download success [file=C:\Users\kyle_\Downloads\I_Get_Around_Mono [RZRme62DaXE].f251.webm, url=https://www.youtube.com/watch?v=RZRme62DaXE&list=PLY7Ijam_q5XzzAgfwjgKGUBq2LiC99FbN&index=8]
2026-06-11 10:32:18.827 [INFO] [PID 19648] [v3.0.0] Download start [platform=YouTube, url=https://www.youtube.com/watch?v=5qRW1MBvCjk&list=PLY7Ijam_q5XzzAgfwjgKGUBq2LiC99FbN&index=9, total=31, index=7]
2026-06-11 10:32:28.769 [INFO] [PID 19648] [v3.0.0] Download success [file=C:\Users\kyle_\Downloads\Little_Deuce_Coupe_Stereo [5qRW1MBvCjk].f251.webm, url=https://www.youtube.com/watch?v=5qRW1MBvCjk&list=PLY7Ijam_q5XzzAgfwjgKGUBq2LiC99FbN&index=9]
2026-06-11 10:32:28.813 [INFO] [PID 19648] [v3.0.0] Download start [platform=YouTube, url=https://www.youtube.com/watch?v=0WSm0XCknmM&list=PLY7Ijam_q5XzzAgfwjgKGUBq2LiC99FbN&index=10, total=31, index=8]
2026-06-11 10:32:38.488 [INFO] [PID 19648] [v3.0.0] Download success [file=C:\Users\kyle_\Downloads\Be_True_To_Your_School_Remastered [0WSm0XCknmM].f251.webm, url=https://www.youtube.com/watch?v=0WSm0XCknmM&list=PLY7Ijam_q5XzzAgfwjgKGUBq2LiC99FbN&index=10]
2026-06-11 10:32:38.513 [INFO] [PID 19648] [v3.0.0] Download start [platform=YouTube, url=https://www.youtube.com/watch?v=4c5vhpU9wqg&list=PLY7Ijam_q5XzzAgfwjgKGUBq2LiC99FbN&index=11, total=31, index=9]
2026-06-11 10:32:47.966 [INFO] [PID 19648] [v3.0.0] Download success [file=C:\Users\kyle_\Downloads\409_Stereo [4c5vhpU9wqg].f251.webm, url=https://www.youtube.com/watch?v=4c5vhpU9wqg&list=PLY7Ijam_q5XzzAgfwjgKGUBq2LiC99FbN&index=11]
2026-06-11 10:32:47.989 [INFO] [PID 19648] [v3.0.0] Download start [platform=YouTube, url=https://www.youtube.com/watch?v=JaHAf0fFp6A&list=PLY7Ijam_q5XzzAgfwjgKGUBq2LiC99FbN&index=12, total=31, index=10]
2026-06-11 10:32:57.739 [INFO] [PID 19648] [v3.0.0] Download success [file=C:\Users\kyle_\Downloads\Help_Me_Rhonda_Single_Version_Remastered_2001 [JaHAf0fFp6A].f251.webm, url=https://www.youtube.com/watch?v=JaHAf0fFp6A&list=PLY7Ijam_q5XzzAgfwjgKGUBq2LiC99FbN&index=12]
2026-06-11 10:32:57.762 [INFO] [PID 19648] [v3.0.0] Download start [platform=YouTube, url=https://www.youtube.com/watch?v=EYHBsWeobjA&list=PLY7Ijam_q5XzzAgfwjgKGUBq2LiC99FbN&index=14, total=31, index=11]
2026-06-11 10:33:06.957 [INFO] [PID 19648] [v3.0.0] Download success [file=C:\Users\kyle_\Downloads\Don_t_Worry_Baby_Remastered_2001 [EYHBsWeobjA].f251.webm, url=https://www.youtube.com/watch?v=EYHBsWeobjA&list=PLY7Ijam_q5XzzAgfwjgKGUBq2LiC99FbN&index=14]
2026-06-11 10:33:06.982 [INFO] [PID 19648] [v3.0.0] Download start [platform=YouTube, url=https://www.youtube.com/watch?v=EqhVI1lz3ng&list=PLY7Ijam_q5XzzAgfwjgKGUBq2LiC99FbN&index=15, total=31, index=12]
2026-06-11 10:33:16.513 [INFO] [PID 19648] [v3.0.0] Download success [file=C:\Users\kyle_\Downloads\I_Can_Hear_Music [EqhVI1lz3ng].f251.webm, url=https://www.youtube.com/watch?v=EqhVI1lz3ng&list=PLY7Ijam_q5XzzAgfwjgKGUBq2LiC99FbN&index=15]
2026-06-11 10:33:16.541 [INFO] [PID 19648] [v3.0.0] Download start [platform=YouTube, url=https://www.youtube.com/watch?v=43PXSb3a4j8&list=PLY7Ijam_q5XzzAgfwjgKGUBq2LiC99FbN&index=16, total=31, index=13]
2026-06-11 10:33:26.229 [INFO] [PID 19648] [v3.0.0] Download success [file=C:\Users\kyle_\Downloads\Heroes_And_Villains_Remastered_2001 [43PXSb3a4j8].f251.webm, url=https://www.youtube.com/watch?v=43PXSb3a4j8&list=PLY7Ijam_q5XzzAgfwjgKGUBq2LiC99FbN&index=16]
2026-06-11 10:33:26.255 [INFO] [PID 19648] [v3.0.0] Download start [platform=YouTube, url=https://www.youtube.com/watch?v=A0rLdU4f0_k&list=PLY7Ijam_q5XzzAgfwjgKGUBq2LiC99FbN&index=18, total=31, index=14]
2026-06-11 10:33:36.926 [INFO] [PID 19648] [v3.0.0] Download success [file=C:\Users\kyle_\Downloads\Darlin_Remastered_2001 [A0rLdU4f0_k].f251.webm, url=https://www.youtube.com/watch?v=A0rLdU4f0_k&list=PLY7Ijam_q5XzzAgfwjgKGUBq2LiC99FbN&index=18]
2026-06-11 10:33:36.960 [INFO] [PID 19648] [v3.0.0] Download start [platform=YouTube, url=https://www.youtube.com/watch?v=2WFvdf8mOtk&list=PLY7Ijam_q5XzzAgfwjgKGUBq2LiC99FbN&index=19, total=31, index=15]
2026-06-11 10:33:47.827 [INFO] [PID 19648] [v3.0.0] Download success [file=C:\Users\kyle_\Downloads\Shut_Down_Remastered_2001 [2WFvdf8mOtk].f251.webm, url=https://www.youtube.com/watch?v=2WFvdf8mOtk&list=PLY7Ijam_q5XzzAgfwjgKGUBq2LiC99FbN&index=19]
2026-06-11 10:33:47.856 [INFO] [PID 19648] [v3.0.0] Download start [platform=YouTube, url=https://www.youtube.com/watch?v=uoDm_flnwxc&list=PLY7Ijam_q5XzzAgfwjgKGUBq2LiC99FbN&index=22, total=31, index=16]
2026-06-11 10:33:58.092 [INFO] [PID 19648] [v3.0.0] Download success [file=C:\Users\kyle_\Downloads\The_Warmth_Of_The_Sun_Remastered_2007 [uoDm_flnwxc].f251.webm, url=https://www.youtube.com/watch?v=uoDm_flnwxc&list=PLY7Ijam_q5XzzAgfwjgKGUBq2LiC99FbN&index=22]
2026-06-11 10:33:58.125 [INFO] [PID 19648] [v3.0.0] Download start [platform=YouTube, url=https://www.youtube.com/watch?v=_JasiSpmfsU&list=PLY7Ijam_q5XzzAgfwjgKGUBq2LiC99FbN&index=23, total=31, index=17]
2026-06-11 10:34:08.852 [INFO] [PID 19648] [v3.0.0] Download success [file=C:\Users\kyle_\Downloads\Fun_Fun_Fun_Remastered_2001 [_JasiSpmfsU].f251.webm, url=https://www.youtube.com/watch?v=_JasiSpmfsU&list=PLY7Ijam_q5XzzAgfwjgKGUBq2LiC99FbN&index=23]
2026-06-11 10:34:08.881 [INFO] [PID 19648] [v3.0.0] Download start [platform=YouTube, url=https://www.youtube.com/watch?v=RCNUP3FnnFg&list=PLY7Ijam_q5XzzAgfwjgKGUBq2LiC99FbN&index=24, total=31, index=18]
2026-06-11 10:34:18.817 [INFO] [PID 19648] [v3.0.0] Download success [file=C:\Users\kyle_\Downloads\Shut_Down_Stereo_Remastered_2003 [RCNUP3FnnFg].f251.webm, url=https://www.youtube.com/watch?v=RCNUP3FnnFg&list=PLY7Ijam_q5XzzAgfwjgKGUBq2LiC99FbN&index=24]
2026-06-11 10:34:18.845 [INFO] [PID 19648] [v3.0.0] Download start [platform=YouTube, url=https://www.youtube.com/watch?v=V6Hryc5t2wQ&list=PLY7Ijam_q5XzzAgfwjgKGUBq2LiC99FbN&index=25, total=31, index=19]
2026-06-11 10:34:34.182 [INFO] [PID 19648] [v3.0.0] Download success [file=C:\Users\kyle_\Downloads\All_Summer_Long_-_in_STEREO_-_The_Beach_Boys [V6Hryc5t2wQ].f251.webm, url=https://www.youtube.com/watch?v=V6Hryc5t2wQ&list=PLY7Ijam_q5XzzAgfwjgKGUBq2LiC99FbN&index=25]
2026-06-11 10:34:34.208 [INFO] [PID 19648] [v3.0.0] Download start [platform=YouTube, url=https://www.youtube.com/watch?v=9ygNrucWAzQ&list=PLY7Ijam_q5XzzAgfwjgKGUBq2LiC99FbN&index=27, total=31, index=20]
2026-06-11 10:34:44.417 [INFO] [PID 19648] [v3.0.0] Download success [file=C:\Users\kyle_\Downloads\Do_You_Wanna_Dance_US_Version_Remastered_2001 [9ygNrucWAzQ].f251.webm, url=https://www.youtube.com/watch?v=9ygNrucWAzQ&list=PLY7Ijam_q5XzzAgfwjgKGUBq2LiC99FbN&index=27]
2026-06-11 10:34:44.442 [INFO] [PID 19648] [v3.0.0] Download start [platform=YouTube, url=https://www.youtube.com/watch?v=TTHWULIEYd8&list=PLY7Ijam_q5XzzAgfwjgKGUBq2LiC99FbN&index=28, total=31, index=21]
2026-06-11 10:34:55.380 [INFO] [PID 19648] [v3.0.0] Download success [file=C:\Users\kyle_\Downloads\Wendy_Stereo [TTHWULIEYd8].f251.webm, url=https://www.youtube.com/watch?v=TTHWULIEYd8&list=PLY7Ijam_q5XzzAgfwjgKGUBq2LiC99FbN&index=28]
2026-06-11 10:34:55.408 [INFO] [PID 19648] [v3.0.0] Download start [platform=YouTube, url=https://www.youtube.com/watch?v=2tytTebj8ic&list=PLY7Ijam_q5XzzAgfwjgKGUBq2LiC99FbN&index=29, total=31, index=22]
2026-06-11 10:35:07.042 [INFO] [PID 19648] [v3.0.0] Download success [file=C:\Users\kyle_\Downloads\The_Beach_Boys_~_All_Summer_Long_1964 [2tytTebj8ic].f251.webm, url=https://www.youtube.com/watch?v=2tytTebj8ic&list=PLY7Ijam_q5XzzAgfwjgKGUBq2LiC99FbN&index=29]
2026-06-11 10:35:07.111 [INFO] [PID 19648] [v3.0.0] Download start [platform=YouTube, url=https://www.youtube.com/watch?v=KBAOg8Wz8sg&list=PLY7Ijam_q5XzzAgfwjgKGUBq2LiC99FbN&index=31, total=31, index=23]
2026-06-11 10:35:18.839 [INFO] [PID 19648] [v3.0.0] Download success [file=C:\Users\kyle_\Downloads\You_re_So_Good_to_Me_Stereo [KBAOg8Wz8sg].f251.webm, url=https://www.youtube.com/watch?v=KBAOg8Wz8sg&list=PLY7Ijam_q5XzzAgfwjgKGUBq2LiC99FbN&index=31]
2026-06-11 10:35:18.875 [INFO] [PID 19648] [v3.0.0] Download start [platform=YouTube, url=https://www.youtube.com/watch?v=bZAdVImVbE0&list=PLY7Ijam_q5XzzAgfwjgKGUBq2LiC99FbN&index=32, total=31, index=24]
2026-06-11 10:35:30.059 [INFO] [PID 19648] [v3.0.0] Download success [file=C:\Users\kyle_\Downloads\Girls_On_the_Beach_Stereo [bZAdVImVbE0].f251.webm, url=https://www.youtube.com/watch?v=bZAdVImVbE0&list=PLY7Ijam_q5XzzAgfwjgKGUBq2LiC99FbN&index=32]
2026-06-11 10:35:30.083 [INFO] [PID 19648] [v3.0.0] Download start [platform=YouTube, url=https://www.youtube.com/watch?v=FpFms2tHRCA&list=PLY7Ijam_q5XzzAgfwjgKGUBq2LiC99FbN&index=33, total=31, index=25]
2026-06-11 10:35:41.875 [INFO] [PID 19648] [v3.0.0] Download success [file=C:\Users\kyle_\Downloads\Take_Me_Home_Country_Roads_Original_Version_Remastered [FpFms2tHRCA].f251.webm, url=https://www.youtube.com/watch?v=FpFms2tHRCA&list=PLY7Ijam_q5XzzAgfwjgKGUBq2LiC99FbN&index=33]
2026-06-11 10:35:41.901 [INFO] [PID 19648] [v3.0.0] Download start [platform=YouTube, url=https://www.youtube.com/watch?v=k9sf7C7D3nk&list=PLY7Ijam_q5XzzAgfwjgKGUBq2LiC99FbN&index=34, total=31, index=26]
2026-06-11 10:35:52.864 [INFO] [PID 19648] [v3.0.0] Download success [file=C:\Users\kyle_\Downloads\Leaving_On_a_Jet_Plane_Greatest_Hits_Version [k9sf7C7D3nk].f251.webm, url=https://www.youtube.com/watch?v=k9sf7C7D3nk&list=PLY7Ijam_q5XzzAgfwjgKGUBq2LiC99FbN&index=34]
2026-06-11 10:35:52.896 [INFO] [PID 19648] [v3.0.0] Download start [platform=YouTube, url=https://www.youtube.com/watch?v=diwuu_r6GJE&list=PLY7Ijam_q5XzzAgfwjgKGUBq2LiC99FbN&index=35, total=31, index=27]
2026-06-11 10:36:04.933 [INFO] [PID 19648] [v3.0.0] Download success [file=C:\Users\kyle_\Downloads\John_Denver_-_Sunshine_On_My_Shoulders_Official_Audio [diwuu_r6GJE].f251.webm, url=https://www.youtube.com/watch?v=diwuu_r6GJE&list=PLY7Ijam_q5XzzAgfwjgKGUBq2LiC99FbN&index=35]
2026-06-11 10:36:04.964 [INFO] [PID 19648] [v3.0.0] Download start [platform=YouTube, url=https://www.youtube.com/watch?v=bflkeWVTNk0&list=PLY7Ijam_q5XzzAgfwjgKGUBq2LiC99FbN&index=36, total=31, index=28]
2026-06-11 10:36:16.199 [INFO] [PID 19648] [v3.0.0] Download success [file=C:\Users\kyle_\Downloads\Dolly_Parton_-_Here_You_Come_Again_Official_Audio [bflkeWVTNk0].f251.webm, url=https://www.youtube.com/watch?v=bflkeWVTNk0&list=PLY7Ijam_q5XzzAgfwjgKGUBq2LiC99FbN&index=36]
2026-06-11 10:36:16.228 [INFO] [PID 19648] [v3.0.0] Download start [platform=YouTube, url=https://www.youtube.com/watch?v=WKehZcAETO8&list=PLY7Ijam_q5XzzAgfwjgKGUBq2LiC99FbN&index=37, total=31, index=29]
2026-06-11 10:36:26.922 [INFO] [PID 19648] [v3.0.0] Download success [file=C:\Users\kyle_\Downloads\Surfer_Girl_Remastered_2001 [WKehZcAETO8].f251.webm, url=https://www.youtube.com/watch?v=WKehZcAETO8&list=PLY7Ijam_q5XzzAgfwjgKGUBq2LiC99FbN&index=37]
2026-06-11 10:36:26.956 [INFO] [PID 19648] [v3.0.0] Download start [platform=YouTube, url=https://www.youtube.com/watch?v=7l2_5THtk9Q&list=PLY7Ijam_q5XzzAgfwjgKGUBq2LiC99FbN&index=38, total=31, index=30]
2026-06-11 10:36:39.012 [INFO] [PID 19648] [v3.0.0] Download success [file=C:\Users\kyle_\Downloads\In_My_Room_1990_Digital_Remaster_Stereo [7l2_5THtk9Q].f251.webm, url=https://www.youtube.com/watch?v=7l2_5THtk9Q&list=PLY7Ijam_q5XzzAgfwjgKGUBq2LiC99FbN&index=38]
2026-06-11 10:36:39.036 [INFO] [PID 19648] [v3.0.0] Download start [platform=YouTube, url=https://www.youtube.com/watch?v=X_CBWxmTlRI&list=PLY7Ijam_q5XzzAgfwjgKGUBq2LiC99FbN&index=39, total=31, index=31]
2026-06-11 10:36:49.516 [INFO] [PID 19648] [v3.0.0] Download success [file=C:\Users\kyle_\Downloads\Catch_A_Wave_Stereo_Remastered_2001 [X_CBWxmTlRI].f251.webm, url=https://www.youtube.com/watch?v=X_CBWxmTlRI&list=PLY7Ijam_q5XzzAgfwjgKGUBq2LiC99FbN&index=39]
2026-06-11 10:36:49.863 [INFO] [PID 19648] [v3.0.0] Run finished [failed=0, succeeded=31, total=31]
2026-06-11 10:57:08.857 [INFO] [PID 17916] [v3.0.0] Script started [pwsh=5.1.26100.8655, audioOnly=False, cwd=G:\_kyle\temp_documents\GitHub\PowerShellScripts\professional-video-downloader, script=G:\_kyle\temp_documents\GitHub\PowerShellScripts\professional-video-downloader\professional-video-downloader.ps1, playlist=False]
2026-06-11 10:57:12.365 [INFO] [PID 17916] [v3.0.0] Download start [platform=YouTube, url=https://www.youtube.com/watch?v=Xs94KBeIiAo, total=1, index=1]
2026-06-11 10:59:27.827 [INFO] [PID 17916] [v3.0.0] Download success [file=C:\Users\kyle_\Downloads\Archaeology_WARNING_-_They_Secretly_Found_Antarctica_300_Years_Before_Us_-_Graham_Hancock [Xs94KBeIiAo].f251.webm, url=https://www.youtube.com/watch?v=Xs94KBeIiAo]
2026-06-11 16:46:10.727 [INFO] [PID 7124] [v3.0.0] Script started [pwsh=5.1.26100.8655, audioOnly=False, cwd=G:\_kyle\temp_documents\GitHub\PowerShellScripts\professional-video-downloader, script=G:\_kyle\temp_documents\GitHub\PowerShellScripts\professional-video-downloader\professional-video-downloader.ps1, playlist=False]
2026-06-11 16:53:39.166 [INFO] [PID 7124] [v3.0.0] Download start [platform=YouTube, url=https://www.youtube.com/watch?v=ZSPkTvdzzDk&list=RDZSPkTvdzzDk&start_radio=1, total=4, index=1]
2026-06-11 16:53:52.618 [INFO] [PID 7124] [v3.0.0] Download success [file=C:\Users\kyle_\Downloads\Al_Bano_Romina_Power_-_Felicita_Lyrics [ZSPkTvdzzDk].f251.webm, url=https://www.youtube.com/watch?v=ZSPkTvdzzDk&list=RDZSPkTvdzzDk&start_radio=1]
2026-06-11 16:53:52.658 [INFO] [PID 7124] [v3.0.0] Download start [platform=YouTube, url=https://www.youtube.com/watch?v=PGNiXGX2nLU&list=RDPGNiXGX2nLU&start_radio=1, total=4, index=2]
2026-06-11 16:54:09.185 [INFO] [PID 7124] [v3.0.0] Download success [file=C:\Users\kyle_\Downloads\Dead_Or_Alive_-_You_Spin_Me_Round_Like_a_Record_Official_Video [PGNiXGX2nLU].f251.webm, url=https://www.youtube.com/watch?v=PGNiXGX2nLU&list=RDPGNiXGX2nLU&start_radio=1]
2026-06-11 16:54:09.210 [INFO] [PID 7124] [v3.0.0] Download start [platform=YouTube, url=https://www.youtube.com/watch?v=GHddJnNo_BQ&list=RDGHddJnNo_BQ&start_radio=1, total=4, index=3]
2026-06-11 16:54:19.010 [INFO] [PID 7124] [v3.0.0] Download success [file=C:\Users\kyle_\Downloads\Angeleyes [GHddJnNo_BQ].f251.webm, url=https://www.youtube.com/watch?v=GHddJnNo_BQ&list=RDGHddJnNo_BQ&start_radio=1]
2026-06-11 16:54:19.035 [INFO] [PID 7124] [v3.0.0] Download start [platform=YouTube, url=https://www.youtube.com/watch?v=H58vbez_m4E&list=RDH58vbez_m4E&start_radio=1, total=4, index=4]
2026-06-11 16:54:48.063 [INFO] [PID 7124] [v3.0.0] Download success [file=C:\Users\kyle_\Downloads\Kendrick_Lamar_-_Not_Like_Us [H58vbez_m4E].f251.webm, url=https://www.youtube.com/watch?v=H58vbez_m4E&list=RDH58vbez_m4E&start_radio=1]
2026-06-11 16:54:48.302 [INFO] [PID 7124] [v3.0.0] Run finished [failed=0, succeeded=4, total=4]
2026-06-11 19:05:39.619 [INFO] [PID 21844] [v3.0.0] Script started [pwsh=5.1.26100.8655, audioOnly=False, cwd=G:\_kyle\temp_documents\GitHub\PowerShellScripts\professional-video-downloader, script=G:\_kyle\temp_documents\GitHub\PowerShellScripts\professional-video-downloader\professional-video-downloader.ps1, playlist=False]
2026-06-11 19:05:44.575 [INFO] [PID 21844] [v3.0.0] Download start [platform=YouTube, url=https://www.youtube.com/watch?v=GnIo73NXo_A&list=PL97F5711E66193CDC&index=2, total=1, index=1]
2026-06-11 19:06:40.219 [INFO] [PID 21844] [v3.0.0] Download success [file=C:\Users\kyle_\Downloads\Enya_-_1991_Shepherd_Moons_-_02_Caribbean_Blue [GnIo73NXo_A].f251.webm, url=https://www.youtube.com/watch?v=GnIo73NXo_A&list=PL97F5711E66193CDC&index=2]
2026-06-11 19:06:55.700 [INFO] [PID 36744] [v3.0.0] Script started [pwsh=5.1.26100.8655, audioOnly=False, cwd=G:\_kyle\temp_documents\GitHub\PowerShellScripts\professional-video-downloader, script=G:\_kyle\temp_documents\GitHub\PowerShellScripts\professional-video-downloader\professional-video-downloader.ps1, playlist=False]
2026-06-11 19:07:02.306 [INFO] [PID 36744] [v3.0.0] Download start [platform=YouTube, url=https://www.youtube.com/watch?v=CLZ7CYdWacs&list=PL97F5711E66193CDC&index=1, total=1, index=1]
2026-06-11 19:09:29.398 [INFO] [PID 22292] [v3.0.0] Script started [pwsh=5.1.26100.8655, audioOnly=False, cwd=G:\_kyle\temp_documents\GitHub\PowerShellScripts\professional-video-downloader, script=G:\_kyle\temp_documents\GitHub\PowerShellScripts\professional-video-downloader\professional-video-downloader.ps1, playlist=False]
2026-06-11 19:09:33.553 [INFO] [PID 22292] [v3.0.0] Download start [platform=YouTube, url=https://www.youtube.com/watch?v=4tncD1oA6i4&list=RD4tncD1oA6i4&start_radio=1, total=1, index=1]
2026-06-11 19:10:01.372 [INFO] [PID 22292] [v3.0.0] Download success [file=C:\Users\kyle_\Downloads\John_Coltrane_My_Favorite_Things_-_Full_Album_... [4tncD1oA6i4].f251.webm, url=https://www.youtube.com/watch?v=4tncD1oA6i4&list=RD4tncD1oA6i4&start_radio=1]
2026-06-11 19:27:41.166 [INFO] [PID 11112] [v3.0.0] Script started [pwsh=5.1.26100.8655, audioOnly=False, cwd=G:\_kyle\temp_documents\GitHub\PowerShellScripts\professional-video-downloader, script=G:\_kyle\temp_documents\GitHub\PowerShellScripts\professional-video-downloader\professional-video-downloader.ps1, playlist=False]
2026-06-11 19:29:10.086 [INFO] [PID 11112] [v3.0.0] Download start [platform=YouTube, url=https://www.youtube.com/watch?v=x7ZZZxjhL3k&list=OLAK5uy_m-_hJUy5TAO10yRvbxgvSO3ZrBp9_zXg4&index=4, total=2, index=1]
2026-06-11 19:29:53.428 [INFO] [PID 11112] [v3.0.0] Download success [file=C:\Users\kyle_\Downloads\Pink_Floyd_-_Fat_Old_Sun_Official_Audio [x7ZZZxjhL3k].f251.webm, url=https://www.youtube.com/watch?v=x7ZZZxjhL3k&list=OLAK5uy_m-_hJUy5TAO10yRvbxgvSO3ZrBp9_zXg4&index=4]
2026-06-11 19:29:54.143 [INFO] [PID 11112] [v3.0.0] Download start [platform=YouTube, url=https://youtu.be/HS3ke0jx_so?list=RDHS3ke0jx_so, total=2, index=2]
2026-06-11 19:30:18.588 [INFO] [PID 11112] [v3.0.0] Download success [file=C:\Users\kyle_\Downloads\Wish_You_Were_Here_-_Pink_Floyd_Instrumental [HS3ke0jx_so].f251.webm, url=https://youtu.be/HS3ke0jx_so?list=RDHS3ke0jx_so]
2026-06-11 19:30:19.526 [INFO] [PID 11112] [v3.0.0] Run finished [failed=0, succeeded=2, total=2]
