2026-06-10 11:09:51.174 [INFO] [PID 17624] [v3.0.0] Script started [pwsh=5.1.26100.8457, audioOnly=False, cwd=G:\_kyle\temp_documents\GitHub\PowerShellScripts\professional-video-downloader, script=G:\_kyle\temp_documents\GitHub\PowerShellScripts\professional-video-downloader\professional-video-downloader.ps1, playlist=False]
2026-06-10 11:20:40.798 [INFO] [PID 17624] [v3.0.0] Download start [platform=YouTube, url=https://www.youtube.com/watch?v=w04Wbi2iaHE&list=RDw04Wbi2iaHE&start_radio=1, total=9, index=1]
2026-06-10 11:20:59.568 [INFO] [PID 17624] [v3.0.0] Download success [file=C:\Users\kyle_\Downloads\Led_Zeppelin_Hey_Hey_What_Can_I_Do [w04Wbi2iaHE].f251.webm, url=https://www.youtube.com/watch?v=w04Wbi2iaHE&list=RDw04Wbi2iaHE&start_radio=1]
2026-06-10 11:20:59.637 [INFO] [PID 17624] [v3.0.0] Download start [platform=YouTube, url=https://www.youtube.com/watch?v=N_lSJ-0Gl7Q&list=PLI6kLIhBBwmRtYUnIyX7o2q5icO100Hg-&index=4, total=9, index=2]
2026-06-10 11:21:12.658 [INFO] [PID 17624] [v3.0.0] Download success [file=C:\Users\kyle_\Downloads\Since_I_ve_Been_Loving_You_Remaster [N_lSJ-0Gl7Q].f251.webm, url=https://www.youtube.com/watch?v=N_lSJ-0Gl7Q&list=PLI6kLIhBBwmRtYUnIyX7o2q5icO100Hg-&index=4]
2026-06-10 11:21:12.691 [INFO] [PID 17624] [v3.0.0] Download start [platform=YouTube, url=https://www.youtube.com/watch?v=GGsmyqIrZRo&list=PLI6kLIhBBwmRtYUnIyX7o2q5icO100Hg-&index=8, total=9, index=3]
2026-06-10 11:21:25.078 [INFO] [PID 17624] [v3.0.0] Download success [file=C:\Users\kyle_\Downloads\That_s_the_Way_Remaster [GGsmyqIrZRo].f251.webm, url=https://www.youtube.com/watch?v=GGsmyqIrZRo&list=PLI6kLIhBBwmRtYUnIyX7o2q5icO100Hg-&index=8]
2026-06-10 11:21:25.113 [INFO] [PID 17624] [v3.0.0] Download start [platform=YouTube, url=https://www.youtube.com/watch?v=V5Pn14p8OKs&list=PLnif9Rfb5AdmAms9CzqUemstxZS5yyvsp&index=5, total=9, index=4]
2026-06-10 11:21:36.860 [INFO] [PID 17624] [v3.0.0] Download success [file=C:\Users\kyle_\Downloads\1.05_Heartbreaker [V5Pn14p8OKs].f251.webm, url=https://www.youtube.com/watch?v=V5Pn14p8OKs&list=PLnif9Rfb5AdmAms9CzqUemstxZS5yyvsp&index=5]
2026-06-10 11:21:36.908 [INFO] [PID 17624] [v3.0.0] Download start [platform=YouTube, url=https://www.youtube.com/watch?v=t0g_veCzQNk&list=PLnif9Rfb5AdmAms9CzqUemstxZS5yyvsp&index=6, total=9, index=5]
2026-06-10 11:21:47.886 [INFO] [PID 17624] [v3.0.0] Download success [file=C:\Users\kyle_\Downloads\1.06_Living_Loving_Maid_She_s_Just_a_Woman [t0g_veCzQNk].f251.webm, url=https://www.youtube.com/watch?v=t0g_veCzQNk&list=PLnif9Rfb5AdmAms9CzqUemstxZS5yyvsp&index=6]
2026-06-10 11:21:47.916 [INFO] [PID 17624] [v3.0.0] Download start [platform=YouTube, url=https://www.youtube.com/watch?v=aywXuljytH0&list=PLVOYDgXAn1KJcPNrbjdBj0SDGHpb95aJ9&index=3, total=9, index=6]
2026-06-10 11:22:00.815 [INFO] [PID 17624] [v3.0.0] Download success [file=C:\Users\kyle_\Downloads\You_Shook_Me_Remaster [aywXuljytH0].f251.webm, url=https://www.youtube.com/watch?v=aywXuljytH0&list=PLVOYDgXAn1KJcPNrbjdBj0SDGHpb95aJ9&index=3]
2026-06-10 11:22:00.831 [INFO] [PID 17624] [v3.0.0] Download start [platform=YouTube, url=https://www.youtube.com/watch?v=0dA5Vfl1bbU&list=PLVOYDgXAn1KJcPNrbjdBj0SDGHpb95aJ9&index=8, total=9, index=7]
2026-06-10 11:22:10.405 [INFO] [PID 17624] [v3.0.0] Download success [file=C:\Users\kyle_\Downloads\I_Can_t_Quit_You_Baby_Remaster [0dA5Vfl1bbU].f251.webm, url=https://www.youtube.com/watch?v=0dA5Vfl1bbU&list=PLVOYDgXAn1KJcPNrbjdBj0SDGHpb95aJ9&index=8]
2026-06-10 11:22:10.437 [INFO] [PID 17624] [v3.0.0] Download start [platform=YouTube, url=https://www.youtube.com/watch?v=5cvEVivHVsU&list=PLVOYDgXAn1KJcPNrbjdBj0SDGHpb95aJ9&index=5, total=9, index=8]
2026-06-10 11:22:21.235 [INFO] [PID 17624] [v3.0.0] Download success [file=C:\Users\kyle_\Downloads\Your_Time_Is_Gonna_Come_Remaster [5cvEVivHVsU].f251.webm, url=https://www.youtube.com/watch?v=5cvEVivHVsU&list=PLVOYDgXAn1KJcPNrbjdBj0SDGHpb95aJ9&index=5]
2026-06-10 11:22:21.268 [INFO] [PID 17624] [v3.0.0] Download start [platform=YouTube, url=https://www.youtube.com/watch?v=y-5o2f9wzmw&list=PLVOYDgXAn1KJcPNrbjdBj0SDGHpb95aJ9&index=9, total=9, index=9]
2026-06-10 11:22:35.110 [INFO] [PID 17624] [v3.0.0] Download success [file=C:\Users\kyle_\Downloads\How_Many_More_Times_Remaster [y-5o2f9wzmw].f251.webm, url=https://www.youtube.com/watch?v=y-5o2f9wzmw&list=PLVOYDgXAn1KJcPNrbjdBj0SDGHpb95aJ9&index=9]
2026-06-10 11:22:35.228 [INFO] [PID 17624] [v3.0.0] Run finished [failed=0, succeeded=9, total=9]
